[0.256s] DEBUG:colcon:Command line arguments: ['/usr/bin/colcon', 'build', '--packages-select', 'robot_sim_pkg', 'state_estimator_pkg']
[0.256s] DEBUG:colcon:Parsed command line arguments: Namespace(log_base=None, log_level=None, verb_name='build', build_base='build', install_base='install', merge_install=False, symlink_install=False, test_result_base=None, continue_on_error=False, executor='parallel', parallel_workers=20, event_handlers=None, ignore_user_meta=False, metas=['./colcon.meta'], base_paths=['.'], packages_ignore=None, packages_ignore_regex=None, paths=None, packages_up_to=None, packages_up_to_regex=None, packages_above=None, packages_above_and_dependencies=None, packages_above_depth=None, packages_select_by_dep=None, packages_skip_by_dep=None, packages_skip_up_to=None, packages_select_build_failed=False, packages_skip_build_finished=False, packages_select_test_failures=False, packages_skip_test_passed=False, packages_select=['robot_sim_pkg', 'state_estimator_pkg'], packages_skip=None, packages_select_regex=None, packages_skip_regex=None, packages_start=None, packages_end=None, allow_overriding=[], cmake_args=None, cmake_target=None, cmake_target_skip_unavailable=False, cmake_clean_cache=False, cmake_clean_first=False, cmake_force_configure=False, ament_cmake_args=None, catkin_cmake_args=None, catkin_skip_building_tests=False, verb_parser=<colcon_defaults.argument_parser.defaults.DefaultArgumentsDecorator object at 0x7901ee6640a0>, verb_extension=<colcon_core.verb.build.BuildVerb object at 0x7901ee627b50>, main=<bound method BuildVerb.main of <colcon_core.verb.build.BuildVerb object at 0x7901ee627b50>>)
[0.428s] Level 1:colcon.colcon_core.package_discovery:discover_packages(colcon_meta) check parameters
[0.428s] Level 1:colcon.colcon_core.package_discovery:discover_packages(recursive) check parameters
[0.428s] Level 1:colcon.colcon_core.package_discovery:discover_packages(ignore) check parameters
[0.429s] Level 1:colcon.colcon_core.package_discovery:discover_packages(path) check parameters
[0.429s] Level 1:colcon.colcon_core.package_discovery:discover_packages(colcon_meta) discover
[0.429s] Level 1:colcon.colcon_core.package_discovery:discover_packages(recursive) discover
[0.429s] INFO:colcon.colcon_core.package_discovery:Crawling recursively for packages in '/home/james/ros2_projects/ros2-differential-drive-ekf/ros2_ws'
[0.429s] Level 1:colcon.colcon_core.package_identification:_identify(.) by extensions ['ignore', 'ignore_ament_install']
[0.430s] Level 1:colcon.colcon_core.package_identification:_identify(.) by extension 'ignore'
[0.430s] Level 1:colcon.colcon_core.package_identification:_identify(.) by extension 'ignore_ament_install'
[0.430s] Level 1:colcon.colcon_core.package_identification:_identify(.) by extensions ['colcon_pkg']
[0.430s] Level 1:colcon.colcon_core.package_identification:_identify(.) by extension 'colcon_pkg'
[0.430s] Level 1:colcon.colcon_core.package_identification:_identify(.) by extensions ['colcon_meta']
[0.430s] Level 1:colcon.colcon_core.package_identification:_identify(.) by extension 'colcon_meta'
[0.430s] Level 1:colcon.colcon_core.package_identification:_identify(.) by extensions ['ros']
[0.430s] Level 1:colcon.colcon_core.package_identification:_identify(.) by extension 'ros'
[0.445s] Level 1:colcon.colcon_core.package_identification:_identify(.) by extensions ['cmake', 'python']
[0.445s] Level 1:colcon.colcon_core.package_identification:_identify(.) by extension 'cmake'
[0.445s] Level 1:colcon.colcon_core.package_identification:_identify(.) by extension 'python'
[0.445s] Level 1:colcon.colcon_core.package_identification:_identify(.) by extensions ['python_setup_py']
[0.445s] Level 1:colcon.colcon_core.package_identification:_identify(.) by extension 'python_setup_py'
[0.446s] Level 1:colcon.colcon_core.package_identification:_identify(build) by extensions ['ignore', 'ignore_ament_install']
[0.446s] Level 1:colcon.colcon_core.package_identification:_identify(build) by extension 'ignore'
[0.446s] Level 1:colcon.colcon_core.package_identification:_identify(build) ignored
[0.446s] Level 1:colcon.colcon_core.package_identification:_identify(install) by extensions ['ignore', 'ignore_ament_install']
[0.446s] Level 1:colcon.colcon_core.package_identification:_identify(install) by extension 'ignore'
[0.447s] Level 1:colcon.colcon_core.package_identification:_identify(install) ignored
[0.447s] Level 1:colcon.colcon_core.package_identification:_identify(log) by extensions ['ignore', 'ignore_ament_install']
[0.447s] Level 1:colcon.colcon_core.package_identification:_identify(log) by extension 'ignore'
[0.447s] Level 1:colcon.colcon_core.package_identification:_identify(log) ignored
[0.447s] Level 1:colcon.colcon_core.package_identification:_identify(src) by extensions ['ignore', 'ignore_ament_install']
[0.447s] Level 1:colcon.colcon_core.package_identification:_identify(src) by extension 'ignore'
[0.447s] Level 1:colcon.colcon_core.package_identification:_identify(src) by extension 'ignore_ament_install'
[0.447s] Level 1:colcon.colcon_core.package_identification:_identify(src) by extensions ['colcon_pkg']
[0.447s] Level 1:colcon.colcon_core.package_identification:_identify(src) by extension 'colcon_pkg'
[0.447s] Level 1:colcon.colcon_core.package_identification:_identify(src) by extensions ['colcon_meta']
[0.447s] Level 1:colcon.colcon_core.package_identification:_identify(src) by extension 'colcon_meta'
[0.448s] Level 1:colcon.colcon_core.package_identification:_identify(src) by extensions ['ros']
[0.448s] Level 1:colcon.colcon_core.package_identification:_identify(src) by extension 'ros'
[0.448s] Level 1:colcon.colcon_core.package_identification:_identify(src) by extensions ['cmake', 'python']
[0.448s] Level 1:colcon.colcon_core.package_identification:_identify(src) by extension 'cmake'
[0.448s] Level 1:colcon.colcon_core.package_identification:_identify(src) by extension 'python'
[0.448s] Level 1:colcon.colcon_core.package_identification:_identify(src) by extensions ['python_setup_py']
[0.448s] Level 1:colcon.colcon_core.package_identification:_identify(src) by extension 'python_setup_py'
[0.448s] Level 1:colcon.colcon_core.package_identification:_identify(src/bringup_pkg) by extensions ['ignore', 'ignore_ament_install']
[0.448s] Level 1:colcon.colcon_core.package_identification:_identify(src/bringup_pkg) by extension 'ignore'
[0.448s] Level 1:colcon.colcon_core.package_identification:_identify(src/bringup_pkg) by extension 'ignore_ament_install'
[0.449s] Level 1:colcon.colcon_core.package_identification:_identify(src/bringup_pkg) by extensions ['colcon_pkg']
[0.449s] Level 1:colcon.colcon_core.package_identification:_identify(src/bringup_pkg) by extension 'colcon_pkg'
[0.449s] Level 1:colcon.colcon_core.package_identification:_identify(src/bringup_pkg) by extensions ['colcon_meta']
[0.449s] Level 1:colcon.colcon_core.package_identification:_identify(src/bringup_pkg) by extension 'colcon_meta'
[0.449s] Level 1:colcon.colcon_core.package_identification:_identify(src/bringup_pkg) by extensions ['ros']
[0.449s] Level 1:colcon.colcon_core.package_identification:_identify(src/bringup_pkg) by extension 'ros'
[0.452s] DEBUG:colcon.colcon_core.package_identification:Package 'src/bringup_pkg' with type 'ros.ament_python' and name 'bringup_pkg'
[0.453s] Level 1:colcon.colcon_core.package_identification:_identify(src/robot_sim_pkg) by extensions ['ignore', 'ignore_ament_install']
[0.453s] Level 1:colcon.colcon_core.package_identification:_identify(src/robot_sim_pkg) by extension 'ignore'
[0.453s] Level 1:colcon.colcon_core.package_identification:_identify(src/robot_sim_pkg) by extension 'ignore_ament_install'
[0.453s] Level 1:colcon.colcon_core.package_identification:_identify(src/robot_sim_pkg) by extensions ['colcon_pkg']
[0.453s] Level 1:colcon.colcon_core.package_identification:_identify(src/robot_sim_pkg) by extension 'colcon_pkg'
[0.453s] Level 1:colcon.colcon_core.package_identification:_identify(src/robot_sim_pkg) by extensions ['colcon_meta']
[0.453s] Level 1:colcon.colcon_core.package_identification:_identify(src/robot_sim_pkg) by extension 'colcon_meta'
[0.453s] Level 1:colcon.colcon_core.package_identification:_identify(src/robot_sim_pkg) by extensions ['ros']
[0.454s] Level 1:colcon.colcon_core.package_identification:_identify(src/robot_sim_pkg) by extension 'ros'
[0.455s] DEBUG:colcon.colcon_core.package_identification:Package 'src/robot_sim_pkg' with type 'ros.ament_python' and name 'robot_sim_pkg'
[0.456s] Level 1:colcon.colcon_core.package_identification:_identify(src/state_estimator_pkg) by extensions ['ignore', 'ignore_ament_install']
[0.456s] Level 1:colcon.colcon_core.package_identification:_identify(src/state_estimator_pkg) by extension 'ignore'
[0.456s] Level 1:colcon.colcon_core.package_identification:_identify(src/state_estimator_pkg) by extension 'ignore_ament_install'
[0.456s] Level 1:colcon.colcon_core.package_identification:_identify(src/state_estimator_pkg) by extensions ['colcon_pkg']
[0.456s] Level 1:colcon.colcon_core.package_identification:_identify(src/state_estimator_pkg) by extension 'colcon_pkg'
[0.456s] Level 1:colcon.colcon_core.package_identification:_identify(src/state_estimator_pkg) by extensions ['colcon_meta']
[0.456s] Level 1:colcon.colcon_core.package_identification:_identify(src/state_estimator_pkg) by extension 'colcon_meta'
[0.456s] Level 1:colcon.colcon_core.package_identification:_identify(src/state_estimator_pkg) by extensions ['ros']
[0.456s] Level 1:colcon.colcon_core.package_identification:_identify(src/state_estimator_pkg) by extension 'ros'
[0.457s] DEBUG:colcon.colcon_core.package_identification:Package 'src/state_estimator_pkg' with type 'ros.ament_python' and name 'state_estimator_pkg'
[0.457s] Level 1:colcon.colcon_core.package_discovery:discover_packages(recursive) using defaults
[0.457s] Level 1:colcon.colcon_core.package_discovery:discover_packages(ignore) discover
[0.457s] Level 1:colcon.colcon_core.package_discovery:discover_packages(ignore) using defaults
[0.458s] Level 1:colcon.colcon_core.package_discovery:discover_packages(path) discover
[0.458s] Level 1:colcon.colcon_core.package_discovery:discover_packages(path) using defaults
[0.480s] INFO:colcon.colcon_core.package_selection:Skipping not selected package 'bringup_pkg' in 'src/bringup_pkg'
[0.481s] Level 1:colcon.colcon_core.package_discovery:discover_packages(prefix_path) check parameters
[0.481s] Level 1:colcon.colcon_core.package_discovery:discover_packages(prefix_path) discover
[0.483s] DEBUG:colcon.colcon_installed_package_information.package_discovery:Found 3 installed packages in /home/james/ros2_projects/ros2-differential-drive-ekf/ros2_ws/install
[0.484s] DEBUG:colcon.colcon_installed_package_information.package_discovery:Found 0 installed packages in /home/james/ros2_ws/install
[0.485s] DEBUG:colcon.colcon_installed_package_information.package_discovery:Found 280 installed packages in /opt/ros/humble
[0.511s] Level 1:colcon.colcon_core.package_discovery:discover_packages(prefix_path) using defaults
[0.554s] Level 5:colcon.colcon_core.verb:set package 'state_estimator_pkg' build argument 'cmake_args' from command line to 'None'
[0.554s] Level 5:colcon.colcon_core.verb:set package 'state_estimator_pkg' build argument 'cmake_target' from command line to 'None'
[0.554s] Level 5:colcon.colcon_core.verb:set package 'state_estimator_pkg' build argument 'cmake_target_skip_unavailable' from command line to 'False'
[0.554s] Level 5:colcon.colcon_core.verb:set package 'state_estimator_pkg' build argument 'cmake_clean_cache' from command line to 'False'
[0.554s] Level 5:colcon.colcon_core.verb:set package 'state_estimator_pkg' build argument 'cmake_clean_first' from command line to 'False'
[0.554s] Level 5:colcon.colcon_core.verb:set package 'state_estimator_pkg' build argument 'cmake_force_configure' from command line to 'False'
[0.554s] Level 5:colcon.colcon_core.verb:set package 'state_estimator_pkg' build argument 'ament_cmake_args' from command line to 'None'
[0.554s] Level 5:colcon.colcon_core.verb:set package 'state_estimator_pkg' build argument 'catkin_cmake_args' from command line to 'None'
[0.554s] Level 5:colcon.colcon_core.verb:set package 'state_estimator_pkg' build argument 'catkin_skip_building_tests' from command line to 'False'
[0.554s] DEBUG:colcon.colcon_core.verb:Building package 'state_estimator_pkg' with the following arguments: {'ament_cmake_args': None, 'build_base': '/home/james/ros2_projects/ros2-differential-drive-ekf/ros2_ws/build/state_estimator_pkg', 'catkin_cmake_args': None, 'catkin_skip_building_tests': False, 'cmake_args': None, 'cmake_clean_cache': False, 'cmake_clean_first': False, 'cmake_force_configure': False, 'cmake_target': None, 'cmake_target_skip_unavailable': False, 'install_base': '/home/james/ros2_projects/ros2-differential-drive-ekf/ros2_ws/install/state_estimator_pkg', 'merge_install': False, 'path': '/home/james/ros2_projects/ros2-differential-drive-ekf/ros2_ws/src/state_estimator_pkg', 'symlink_install': False, 'test_result_base': None}
[0.555s] Level 5:colcon.colcon_core.verb:set package 'robot_sim_pkg' build argument 'cmake_args' from command line to 'None'
[0.555s] Level 5:colcon.colcon_core.verb:set package 'robot_sim_pkg' build argument 'cmake_target' from command line to 'None'
[0.555s] Level 5:colcon.colcon_core.verb:set package 'robot_sim_pkg' build argument 'cmake_target_skip_unavailable' from command line to 'False'
[0.555s] Level 5:colcon.colcon_core.verb:set package 'robot_sim_pkg' build argument 'cmake_clean_cache' from command line to 'False'
[0.555s] Level 5:colcon.colcon_core.verb:set package 'robot_sim_pkg' build argument 'cmake_clean_first' from command line to 'False'
[0.555s] Level 5:colcon.colcon_core.verb:set package 'robot_sim_pkg' build argument 'cmake_force_configure' from command line to 'False'
[0.555s] Level 5:colcon.colcon_core.verb:set package 'robot_sim_pkg' build argument 'ament_cmake_args' from command line to 'None'
[0.555s] Level 5:colcon.colcon_core.verb:set package 'robot_sim_pkg' build argument 'catkin_cmake_args' from command line to 'None'
[0.555s] Level 5:colcon.colcon_core.verb:set package 'robot_sim_pkg' build argument 'catkin_skip_building_tests' from command line to 'False'
[0.555s] DEBUG:colcon.colcon_core.verb:Building package 'robot_sim_pkg' with the following arguments: {'ament_cmake_args': None, 'build_base': '/home/james/ros2_projects/ros2-differential-drive-ekf/ros2_ws/build/robot_sim_pkg', 'catkin_cmake_args': None, 'catkin_skip_building_tests': False, 'cmake_args': None, 'cmake_clean_cache': False, 'cmake_clean_first': False, 'cmake_force_configure': False, 'cmake_target': None, 'cmake_target_skip_unavailable': False, 'install_base': '/home/james/ros2_projects/ros2-differential-drive-ekf/ros2_ws/install/robot_sim_pkg', 'merge_install': False, 'path': '/home/james/ros2_projects/ros2-differential-drive-ekf/ros2_ws/src/robot_sim_pkg', 'symlink_install': False, 'test_result_base': None}
[0.555s] INFO:colcon.colcon_core.executor:Executing jobs using 'parallel' executor
[0.558s] DEBUG:colcon.colcon_parallel_executor.executor.parallel:run_until_complete
[0.558s] INFO:colcon.colcon_ros.task.ament_python.build:Building ROS package in '/home/james/ros2_projects/ros2-differential-drive-ekf/ros2_ws/src/state_estimator_pkg' with build type 'ament_python'
[0.558s] Level 1:colcon.colcon_core.shell:create_environment_hook('state_estimator_pkg', 'ament_prefix_path')
[0.562s] INFO:colcon.colcon_core.plugin_system:Skipping extension 'colcon_core.shell.bat': Not used on non-Windows systems
[0.563s] INFO:colcon.colcon_core.shell:Creating environment hook '/home/james/ros2_projects/ros2-differential-drive-ekf/ros2_ws/install/state_estimator_pkg/share/state_estimator_pkg/hook/ament_prefix_path.ps1'
[0.564s] INFO:colcon.colcon_core.shell:Creating environment descriptor '/home/james/ros2_projects/ros2-differential-drive-ekf/ros2_ws/install/state_estimator_pkg/share/state_estimator_pkg/hook/ament_prefix_path.dsv'
[0.565s] INFO:colcon.colcon_core.shell:Creating environment hook '/home/james/ros2_projects/ros2-differential-drive-ekf/ros2_ws/install/state_estimator_pkg/share/state_estimator_pkg/hook/ament_prefix_path.sh'
[0.566s] INFO:colcon.colcon_core.shell:Skip shell extension 'powershell' for command environment: Not usable outside of PowerShell
[0.566s] DEBUG:colcon.colcon_core.shell:Skip shell extension 'dsv' for command environment
[0.861s] INFO:colcon.colcon_core.task.python.build:Building Python package in '/home/james/ros2_projects/ros2-differential-drive-ekf/ros2_ws/src/state_estimator_pkg'
[0.861s] INFO:colcon.colcon_core.shell:Skip shell extension 'powershell' for command environment: Not usable outside of PowerShell
[0.862s] DEBUG:colcon.colcon_core.shell:Skip shell extension 'dsv' for command environment
[1.230s] DEBUG:colcon.colcon_core.event_handler.log_command:Invoking command in '/home/james/ros2_projects/ros2-differential-drive-ekf/ros2_ws/src/state_estimator_pkg': PYTHONPATH=/home/james/ros2_projects/ros2-differential-drive-ekf/ros2_ws/build/state_estimator_pkg/prefix_override:/usr/lib/python3/dist-packages/colcon_core/task/python/colcon_distutils_commands:/home/james/ros2_projects/ros2-differential-drive-ekf/ros2_ws/install/state_estimator_pkg/lib/python3.10/site-packages:${PYTHONPATH} /usr/bin/python3 -W ignore:setup.py install is deprecated -W ignore:easy_install command is deprecated setup.py egg_info --egg-base ../../build/state_estimator_pkg build --build-base /home/james/ros2_projects/ros2-differential-drive-ekf/ros2_ws/build/state_estimator_pkg/build install --record /home/james/ros2_projects/ros2-differential-drive-ekf/ros2_ws/build/state_estimator_pkg/install.log --single-version-externally-managed install_data
[1.528s] DEBUG:colcon.colcon_core.event_handler.log_command:Invoked command in '/home/james/ros2_projects/ros2-differential-drive-ekf/ros2_ws/src/state_estimator_pkg' returned '0': PYTHONPATH=/home/james/ros2_projects/ros2-differential-drive-ekf/ros2_ws/build/state_estimator_pkg/prefix_override:/usr/lib/python3/dist-packages/colcon_core/task/python/colcon_distutils_commands:/home/james/ros2_projects/ros2-differential-drive-ekf/ros2_ws/install/state_estimator_pkg/lib/python3.10/site-packages:${PYTHONPATH} /usr/bin/python3 -W ignore:setup.py install is deprecated -W ignore:easy_install command is deprecated setup.py egg_info --egg-base ../../build/state_estimator_pkg build --build-base /home/james/ros2_projects/ros2-differential-drive-ekf/ros2_ws/build/state_estimator_pkg/build install --record /home/james/ros2_projects/ros2-differential-drive-ekf/ros2_ws/build/state_estimator_pkg/install.log --single-version-externally-managed install_data
[1.530s] Level 1:colcon.colcon_core.environment:checking '/home/james/ros2_projects/ros2-differential-drive-ekf/ros2_ws/install/state_estimator_pkg' for CMake module files
[1.531s] Level 1:colcon.colcon_core.environment:checking '/home/james/ros2_projects/ros2-differential-drive-ekf/ros2_ws/install/state_estimator_pkg' for CMake config files
[1.532s] Level 1:colcon.colcon_core.environment:checking '/home/james/ros2_projects/ros2-differential-drive-ekf/ros2_ws/install/state_estimator_pkg/lib'
[1.532s] Level 1:colcon.colcon_core.environment:checking '/home/james/ros2_projects/ros2-differential-drive-ekf/ros2_ws/install/state_estimator_pkg/bin'
[1.532s] Level 1:colcon.colcon_core.environment:checking '/home/james/ros2_projects/ros2-differential-drive-ekf/ros2_ws/install/state_estimator_pkg/lib/pkgconfig/state_estimator_pkg.pc'
[1.533s] Level 1:colcon.colcon_core.environment:checking '/home/james/ros2_projects/ros2-differential-drive-ekf/ros2_ws/install/state_estimator_pkg/lib/python3.10/site-packages'
[1.533s] Level 1:colcon.colcon_core.shell:create_environment_hook('state_estimator_pkg', 'pythonpath')
[1.533s] INFO:colcon.colcon_core.shell:Creating environment hook '/home/james/ros2_projects/ros2-differential-drive-ekf/ros2_ws/install/state_estimator_pkg/share/state_estimator_pkg/hook/pythonpath.ps1'
[1.534s] INFO:colcon.colcon_core.shell:Creating environment descriptor '/home/james/ros2_projects/ros2-differential-drive-ekf/ros2_ws/install/state_estimator_pkg/share/state_estimator_pkg/hook/pythonpath.dsv'
[1.534s] INFO:colcon.colcon_core.shell:Creating environment hook '/home/james/ros2_projects/ros2-differential-drive-ekf/ros2_ws/install/state_estimator_pkg/share/state_estimator_pkg/hook/pythonpath.sh'
[1.535s] Level 1:colcon.colcon_core.environment:checking '/home/james/ros2_projects/ros2-differential-drive-ekf/ros2_ws/install/state_estimator_pkg/bin'
[1.535s] Level 1:colcon.colcon_core.environment:create_environment_scripts_only(state_estimator_pkg)
[1.536s] INFO:colcon.colcon_core.shell:Creating package script '/home/james/ros2_projects/ros2-differential-drive-ekf/ros2_ws/install/state_estimator_pkg/share/state_estimator_pkg/package.ps1'
[1.537s] INFO:colcon.colcon_core.shell:Creating package descriptor '/home/james/ros2_projects/ros2-differential-drive-ekf/ros2_ws/install/state_estimator_pkg/share/state_estimator_pkg/package.dsv'
[1.538s] INFO:colcon.colcon_core.shell:Creating package script '/home/james/ros2_projects/ros2-differential-drive-ekf/ros2_ws/install/state_estimator_pkg/share/state_estimator_pkg/package.sh'
[1.540s] INFO:colcon.colcon_core.shell:Creating package script '/home/james/ros2_projects/ros2-differential-drive-ekf/ros2_ws/install/state_estimator_pkg/share/state_estimator_pkg/package.bash'
[1.542s] INFO:colcon.colcon_core.shell:Creating package script '/home/james/ros2_projects/ros2-differential-drive-ekf/ros2_ws/install/state_estimator_pkg/share/state_estimator_pkg/package.zsh'
[1.543s] Level 1:colcon.colcon_core.environment:create_file_with_runtime_dependencies(/home/james/ros2_projects/ros2-differential-drive-ekf/ros2_ws/install/state_estimator_pkg/share/colcon-core/packages/state_estimator_pkg)
[1.544s] INFO:colcon.colcon_ros.task.ament_python.build:Building ROS package in '/home/james/ros2_projects/ros2-differential-drive-ekf/ros2_ws/src/robot_sim_pkg' with build type 'ament_python'
[1.544s] Level 1:colcon.colcon_core.shell:create_environment_hook('robot_sim_pkg', 'ament_prefix_path')
[1.545s] INFO:colcon.colcon_core.shell:Creating environment hook '/home/james/ros2_projects/ros2-differential-drive-ekf/ros2_ws/install/robot_sim_pkg/share/robot_sim_pkg/hook/ament_prefix_path.ps1'
[1.546s] INFO:colcon.colcon_core.shell:Creating environment descriptor '/home/james/ros2_projects/ros2-differential-drive-ekf/ros2_ws/install/robot_sim_pkg/share/robot_sim_pkg/hook/ament_prefix_path.dsv'
[1.547s] INFO:colcon.colcon_core.shell:Creating environment hook '/home/james/ros2_projects/ros2-differential-drive-ekf/ros2_ws/install/robot_sim_pkg/share/robot_sim_pkg/hook/ament_prefix_path.sh'
[1.548s] INFO:colcon.colcon_core.shell:Skip shell extension 'powershell' for command environment: Not usable outside of PowerShell
[1.548s] DEBUG:colcon.colcon_core.shell:Skip shell extension 'dsv' for command environment
[1.904s] INFO:colcon.colcon_core.task.python.build:Building Python package in '/home/james/ros2_projects/ros2-differential-drive-ekf/ros2_ws/src/robot_sim_pkg'
[1.905s] INFO:colcon.colcon_core.shell:Skip shell extension 'powershell' for command environment: Not usable outside of PowerShell
[1.905s] DEBUG:colcon.colcon_core.shell:Skip shell extension 'dsv' for command environment
[2.434s] DEBUG:colcon.colcon_core.event_handler.log_command:Invoking command in '/home/james/ros2_projects/ros2-differential-drive-ekf/ros2_ws/src/robot_sim_pkg': PYTHONPATH=/home/james/ros2_projects/ros2-differential-drive-ekf/ros2_ws/build/robot_sim_pkg/prefix_override:/usr/lib/python3/dist-packages/colcon_core/task/python/colcon_distutils_commands:/home/james/ros2_projects/ros2-differential-drive-ekf/ros2_ws/install/robot_sim_pkg/lib/python3.10/site-packages:${PYTHONPATH} /usr/bin/python3 -W ignore:setup.py install is deprecated -W ignore:easy_install command is deprecated setup.py egg_info --egg-base ../../build/robot_sim_pkg build --build-base /home/james/ros2_projects/ros2-differential-drive-ekf/ros2_ws/build/robot_sim_pkg/build install --record /home/james/ros2_projects/ros2-differential-drive-ekf/ros2_ws/build/robot_sim_pkg/install.log --single-version-externally-managed install_data
[2.700s] Level 1:colcon.colcon_core.environment:checking '/home/james/ros2_projects/ros2-differential-drive-ekf/ros2_ws/install/robot_sim_pkg' for CMake module files
[2.701s] DEBUG:colcon.colcon_core.event_handler.log_command:Invoked command in '/home/james/ros2_projects/ros2-differential-drive-ekf/ros2_ws/src/robot_sim_pkg' returned '0': PYTHONPATH=/home/james/ros2_projects/ros2-differential-drive-ekf/ros2_ws/build/robot_sim_pkg/prefix_override:/usr/lib/python3/dist-packages/colcon_core/task/python/colcon_distutils_commands:/home/james/ros2_projects/ros2-differential-drive-ekf/ros2_ws/install/robot_sim_pkg/lib/python3.10/site-packages:${PYTHONPATH} /usr/bin/python3 -W ignore:setup.py install is deprecated -W ignore:easy_install command is deprecated setup.py egg_info --egg-base ../../build/robot_sim_pkg build --build-base /home/james/ros2_projects/ros2-differential-drive-ekf/ros2_ws/build/robot_sim_pkg/build install --record /home/james/ros2_projects/ros2-differential-drive-ekf/ros2_ws/build/robot_sim_pkg/install.log --single-version-externally-managed install_data
[2.701s] Level 1:colcon.colcon_core.environment:checking '/home/james/ros2_projects/ros2-differential-drive-ekf/ros2_ws/install/robot_sim_pkg' for CMake config files
[2.702s] Level 1:colcon.colcon_core.environment:checking '/home/james/ros2_projects/ros2-differential-drive-ekf/ros2_ws/install/robot_sim_pkg/lib'
[2.702s] Level 1:colcon.colcon_core.environment:checking '/home/james/ros2_projects/ros2-differential-drive-ekf/ros2_ws/install/robot_sim_pkg/bin'
[2.702s] Level 1:colcon.colcon_core.environment:checking '/home/james/ros2_projects/ros2-differential-drive-ekf/ros2_ws/install/robot_sim_pkg/lib/pkgconfig/robot_sim_pkg.pc'
[2.703s] Level 1:colcon.colcon_core.environment:checking '/home/james/ros2_projects/ros2-differential-drive-ekf/ros2_ws/install/robot_sim_pkg/lib/python3.10/site-packages'
[2.703s] Level 1:colcon.colcon_core.shell:create_environment_hook('robot_sim_pkg', 'pythonpath')
[2.703s] INFO:colcon.colcon_core.shell:Creating environment hook '/home/james/ros2_projects/ros2-differential-drive-ekf/ros2_ws/install/robot_sim_pkg/share/robot_sim_pkg/hook/pythonpath.ps1'
[2.704s] INFO:colcon.colcon_core.shell:Creating environment descriptor '/home/james/ros2_projects/ros2-differential-drive-ekf/ros2_ws/install/robot_sim_pkg/share/robot_sim_pkg/hook/pythonpath.dsv'
[2.704s] INFO:colcon.colcon_core.shell:Creating environment hook '/home/james/ros2_projects/ros2-differential-drive-ekf/ros2_ws/install/robot_sim_pkg/share/robot_sim_pkg/hook/pythonpath.sh'
[2.705s] Level 1:colcon.colcon_core.environment:checking '/home/james/ros2_projects/ros2-differential-drive-ekf/ros2_ws/install/robot_sim_pkg/bin'
[2.705s] Level 1:colcon.colcon_core.environment:create_environment_scripts_only(robot_sim_pkg)
[2.706s] INFO:colcon.colcon_core.shell:Creating package script '/home/james/ros2_projects/ros2-differential-drive-ekf/ros2_ws/install/robot_sim_pkg/share/robot_sim_pkg/package.ps1'
[2.706s] INFO:colcon.colcon_core.shell:Creating package descriptor '/home/james/ros2_projects/ros2-differential-drive-ekf/ros2_ws/install/robot_sim_pkg/share/robot_sim_pkg/package.dsv'
[2.707s] INFO:colcon.colcon_core.shell:Creating package script '/home/james/ros2_projects/ros2-differential-drive-ekf/ros2_ws/install/robot_sim_pkg/share/robot_sim_pkg/package.sh'
[2.708s] INFO:colcon.colcon_core.shell:Creating package script '/home/james/ros2_projects/ros2-differential-drive-ekf/ros2_ws/install/robot_sim_pkg/share/robot_sim_pkg/package.bash'
[2.709s] INFO:colcon.colcon_core.shell:Creating package script '/home/james/ros2_projects/ros2-differential-drive-ekf/ros2_ws/install/robot_sim_pkg/share/robot_sim_pkg/package.zsh'
[2.709s] Level 1:colcon.colcon_core.environment:create_file_with_runtime_dependencies(/home/james/ros2_projects/ros2-differential-drive-ekf/ros2_ws/install/robot_sim_pkg/share/colcon-core/packages/robot_sim_pkg)
[2.710s] DEBUG:colcon.colcon_parallel_executor.executor.parallel:closing loop
[2.711s] DEBUG:colcon.colcon_parallel_executor.executor.parallel:loop closed
[2.711s] DEBUG:colcon.colcon_parallel_executor.executor.parallel:run_until_complete finished with '0'
[2.711s] DEBUG:colcon.colcon_core.event_reactor:joining thread
[2.772s] INFO:colcon.colcon_core.plugin_system:Skipping extension 'colcon_notification.desktop_notification.notify_send': Could not find 'notify-send'
[2.772s] INFO:colcon.colcon_core.plugin_system:Skipping extension 'colcon_notification.desktop_notification.terminal_notifier': Not used on non-Darwin systems
[2.772s] INFO:colcon.colcon_core.plugin_system:Skipping extension 'colcon_notification.desktop_notification.win32': Not used on non-Windows systems
[2.772s] INFO:colcon.colcon_notification.desktop_notification:Sending desktop notification using 'notify2'
[2.772s] DEBUG:colcon.colcon_notification.desktop_notification.notify2:Failed to initialize notify2: org.freedesktop.DBus.Error.FileNotFound: Failed to connect to socket /run/user/1000/bus: No such file or directory
[2.773s] DEBUG:colcon.colcon_core.event_reactor:joined thread
[2.773s] INFO:colcon.colcon_core.shell:Creating prefix script '/home/james/ros2_projects/ros2-differential-drive-ekf/ros2_ws/install/local_setup.ps1'
[2.774s] INFO:colcon.colcon_core.shell:Creating prefix util module '/home/james/ros2_projects/ros2-differential-drive-ekf/ros2_ws/install/_local_setup_util_ps1.py'
[2.776s] INFO:colcon.colcon_core.shell:Creating prefix chain script '/home/james/ros2_projects/ros2-differential-drive-ekf/ros2_ws/install/setup.ps1'
[2.777s] INFO:colcon.colcon_core.shell:Creating prefix script '/home/james/ros2_projects/ros2-differential-drive-ekf/ros2_ws/install/local_setup.sh'
[2.778s] INFO:colcon.colcon_core.shell:Creating prefix util module '/home/james/ros2_projects/ros2-differential-drive-ekf/ros2_ws/install/_local_setup_util_sh.py'
[2.779s] INFO:colcon.colcon_core.shell:Creating prefix chain script '/home/james/ros2_projects/ros2-differential-drive-ekf/ros2_ws/install/setup.sh'
[2.780s] INFO:colcon.colcon_core.shell:Creating prefix script '/home/james/ros2_projects/ros2-differential-drive-ekf/ros2_ws/install/local_setup.bash'
[2.781s] INFO:colcon.colcon_core.shell:Creating prefix chain script '/home/james/ros2_projects/ros2-differential-drive-ekf/ros2_ws/install/setup.bash'
[2.782s] INFO:colcon.colcon_core.shell:Creating prefix script '/home/james/ros2_projects/ros2-differential-drive-ekf/ros2_ws/install/local_setup.zsh'
[2.783s] INFO:colcon.colcon_core.shell:Creating prefix chain script '/home/james/ros2_projects/ros2-differential-drive-ekf/ros2_ws/install/setup.zsh'
