[0.276s] DEBUG:colcon:Command line arguments: ['/usr/bin/colcon', 'build', '--packages-select', 'robot_sim_pkg']
[0.276s] DEBUG:colcon:Parsed command line arguments: Namespace(log_base=None, log_level=None, verb_name='build', build_base='build', install_base='install', merge_install=False, symlink_install=False, test_result_base=None, continue_on_error=False, executor='parallel', parallel_workers=20, event_handlers=None, ignore_user_meta=False, metas=['./colcon.meta'], base_paths=['.'], packages_ignore=None, packages_ignore_regex=None, paths=None, packages_up_to=None, packages_up_to_regex=None, packages_above=None, packages_above_and_dependencies=None, packages_above_depth=None, packages_select_by_dep=None, packages_skip_by_dep=None, packages_skip_up_to=None, packages_select_build_failed=False, packages_skip_build_finished=False, packages_select_test_failures=False, packages_skip_test_passed=False, packages_select=['robot_sim_pkg'], packages_skip=None, packages_select_regex=None, packages_skip_regex=None, packages_start=None, packages_end=None, allow_overriding=[], cmake_args=None, cmake_target=None, cmake_target_skip_unavailable=False, cmake_clean_cache=False, cmake_clean_first=False, cmake_force_configure=False, ament_cmake_args=None, catkin_cmake_args=None, catkin_skip_building_tests=False, verb_parser=<colcon_defaults.argument_parser.defaults.DefaultArgumentsDecorator object at 0x788902b33250>, verb_extension=<colcon_core.verb.build.BuildVerb object at 0x788902b32d40>, main=<bound method BuildVerb.main of <colcon_core.verb.build.BuildVerb object at 0x788902b32d40>>)
[0.492s] Level 1:colcon.colcon_core.package_discovery:discover_packages(colcon_meta) check parameters
[0.492s] Level 1:colcon.colcon_core.package_discovery:discover_packages(recursive) check parameters
[0.493s] Level 1:colcon.colcon_core.package_discovery:discover_packages(ignore) check parameters
[0.493s] Level 1:colcon.colcon_core.package_discovery:discover_packages(path) check parameters
[0.493s] Level 1:colcon.colcon_core.package_discovery:discover_packages(colcon_meta) discover
[0.493s] Level 1:colcon.colcon_core.package_discovery:discover_packages(recursive) discover
[0.493s] INFO:colcon.colcon_core.package_discovery:Crawling recursively for packages in '/home/james/ros2_projects/ros2-differential-drive-ekf/ros2_ws'
[0.493s] Level 1:colcon.colcon_core.package_identification:_identify(.) by extensions ['ignore', 'ignore_ament_install']
[0.493s] Level 1:colcon.colcon_core.package_identification:_identify(.) by extension 'ignore'
[0.493s] Level 1:colcon.colcon_core.package_identification:_identify(.) by extension 'ignore_ament_install'
[0.493s] Level 1:colcon.colcon_core.package_identification:_identify(.) by extensions ['colcon_pkg']
[0.494s] Level 1:colcon.colcon_core.package_identification:_identify(.) by extension 'colcon_pkg'
[0.494s] Level 1:colcon.colcon_core.package_identification:_identify(.) by extensions ['colcon_meta']
[0.494s] Level 1:colcon.colcon_core.package_identification:_identify(.) by extension 'colcon_meta'
[0.494s] Level 1:colcon.colcon_core.package_identification:_identify(.) by extensions ['ros']
[0.494s] Level 1:colcon.colcon_core.package_identification:_identify(.) by extension 'ros'
[0.510s] Level 1:colcon.colcon_core.package_identification:_identify(.) by extensions ['cmake', 'python']
[0.510s] Level 1:colcon.colcon_core.package_identification:_identify(.) by extension 'cmake'
[0.510s] Level 1:colcon.colcon_core.package_identification:_identify(.) by extension 'python'
[0.510s] Level 1:colcon.colcon_core.package_identification:_identify(.) by extensions ['python_setup_py']
[0.510s] Level 1:colcon.colcon_core.package_identification:_identify(.) by extension 'python_setup_py'
[0.510s] Level 1:colcon.colcon_core.package_identification:_identify(build) by extensions ['ignore', 'ignore_ament_install']
[0.510s] Level 1:colcon.colcon_core.package_identification:_identify(build) by extension 'ignore'
[0.511s] Level 1:colcon.colcon_core.package_identification:_identify(build) ignored
[0.511s] Level 1:colcon.colcon_core.package_identification:_identify(install) by extensions ['ignore', 'ignore_ament_install']
[0.511s] Level 1:colcon.colcon_core.package_identification:_identify(install) by extension 'ignore'
[0.511s] Level 1:colcon.colcon_core.package_identification:_identify(install) ignored
[0.511s] Level 1:colcon.colcon_core.package_identification:_identify(log) by extensions ['ignore', 'ignore_ament_install']
[0.512s] Level 1:colcon.colcon_core.package_identification:_identify(log) by extension 'ignore'
[0.512s] Level 1:colcon.colcon_core.package_identification:_identify(log) ignored
[0.512s] Level 1:colcon.colcon_core.package_identification:_identify(src) by extensions ['ignore', 'ignore_ament_install']
[0.512s] Level 1:colcon.colcon_core.package_identification:_identify(src) by extension 'ignore'
[0.512s] Level 1:colcon.colcon_core.package_identification:_identify(src) by extension 'ignore_ament_install'
[0.513s] Level 1:colcon.colcon_core.package_identification:_identify(src) by extensions ['colcon_pkg']
[0.513s] Level 1:colcon.colcon_core.package_identification:_identify(src) by extension 'colcon_pkg'
[0.513s] Level 1:colcon.colcon_core.package_identification:_identify(src) by extensions ['colcon_meta']
[0.513s] Level 1:colcon.colcon_core.package_identification:_identify(src) by extension 'colcon_meta'
[0.513s] Level 1:colcon.colcon_core.package_identification:_identify(src) by extensions ['ros']
[0.513s] Level 1:colcon.colcon_core.package_identification:_identify(src) by extension 'ros'
[0.513s] Level 1:colcon.colcon_core.package_identification:_identify(src) by extensions ['cmake', 'python']
[0.513s] Level 1:colcon.colcon_core.package_identification:_identify(src) by extension 'cmake'
[0.513s] Level 1:colcon.colcon_core.package_identification:_identify(src) by extension 'python'
[0.514s] Level 1:colcon.colcon_core.package_identification:_identify(src) by extensions ['python_setup_py']
[0.514s] Level 1:colcon.colcon_core.package_identification:_identify(src) by extension 'python_setup_py'
[0.514s] Level 1:colcon.colcon_core.package_identification:_identify(src/bringup_pkg) by extensions ['ignore', 'ignore_ament_install']
[0.514s] Level 1:colcon.colcon_core.package_identification:_identify(src/bringup_pkg) by extension 'ignore'
[0.514s] Level 1:colcon.colcon_core.package_identification:_identify(src/bringup_pkg) by extension 'ignore_ament_install'
[0.514s] Level 1:colcon.colcon_core.package_identification:_identify(src/bringup_pkg) by extensions ['colcon_pkg']
[0.514s] Level 1:colcon.colcon_core.package_identification:_identify(src/bringup_pkg) by extension 'colcon_pkg'
[0.514s] Level 1:colcon.colcon_core.package_identification:_identify(src/bringup_pkg) by extensions ['colcon_meta']
[0.514s] Level 1:colcon.colcon_core.package_identification:_identify(src/bringup_pkg) by extension 'colcon_meta'
[0.514s] Level 1:colcon.colcon_core.package_identification:_identify(src/bringup_pkg) by extensions ['ros']
[0.514s] Level 1:colcon.colcon_core.package_identification:_identify(src/bringup_pkg) by extension 'ros'
[0.518s] DEBUG:colcon.colcon_core.package_identification:Package 'src/bringup_pkg' with type 'ros.ament_python' and name 'bringup_pkg'
[0.518s] Level 1:colcon.colcon_core.package_identification:_identify(src/robot_sim_pkg) by extensions ['ignore', 'ignore_ament_install']
[0.518s] Level 1:colcon.colcon_core.package_identification:_identify(src/robot_sim_pkg) by extension 'ignore'
[0.518s] Level 1:colcon.colcon_core.package_identification:_identify(src/robot_sim_pkg) by extension 'ignore_ament_install'
[0.518s] Level 1:colcon.colcon_core.package_identification:_identify(src/robot_sim_pkg) by extensions ['colcon_pkg']
[0.518s] Level 1:colcon.colcon_core.package_identification:_identify(src/robot_sim_pkg) by extension 'colcon_pkg'
[0.518s] Level 1:colcon.colcon_core.package_identification:_identify(src/robot_sim_pkg) by extensions ['colcon_meta']
[0.519s] Level 1:colcon.colcon_core.package_identification:_identify(src/robot_sim_pkg) by extension 'colcon_meta'
[0.519s] Level 1:colcon.colcon_core.package_identification:_identify(src/robot_sim_pkg) by extensions ['ros']
[0.519s] Level 1:colcon.colcon_core.package_identification:_identify(src/robot_sim_pkg) by extension 'ros'
[0.520s] DEBUG:colcon.colcon_core.package_identification:Package 'src/robot_sim_pkg' with type 'ros.ament_python' and name 'robot_sim_pkg'
[0.520s] Level 1:colcon.colcon_core.package_identification:_identify(src/state_estimator_pkg) by extensions ['ignore', 'ignore_ament_install']
[0.521s] Level 1:colcon.colcon_core.package_identification:_identify(src/state_estimator_pkg) by extension 'ignore'
[0.521s] Level 1:colcon.colcon_core.package_identification:_identify(src/state_estimator_pkg) by extension 'ignore_ament_install'
[0.521s] Level 1:colcon.colcon_core.package_identification:_identify(src/state_estimator_pkg) by extensions ['colcon_pkg']
[0.521s] Level 1:colcon.colcon_core.package_identification:_identify(src/state_estimator_pkg) by extension 'colcon_pkg'
[0.521s] Level 1:colcon.colcon_core.package_identification:_identify(src/state_estimator_pkg) by extensions ['colcon_meta']
[0.521s] Level 1:colcon.colcon_core.package_identification:_identify(src/state_estimator_pkg) by extension 'colcon_meta'
[0.521s] Level 1:colcon.colcon_core.package_identification:_identify(src/state_estimator_pkg) by extensions ['ros']
[0.521s] Level 1:colcon.colcon_core.package_identification:_identify(src/state_estimator_pkg) by extension 'ros'
[0.522s] DEBUG:colcon.colcon_core.package_identification:Package 'src/state_estimator_pkg' with type 'ros.ament_python' and name 'state_estimator_pkg'
[0.522s] Level 1:colcon.colcon_core.package_discovery:discover_packages(recursive) using defaults
[0.522s] Level 1:colcon.colcon_core.package_discovery:discover_packages(ignore) discover
[0.522s] Level 1:colcon.colcon_core.package_discovery:discover_packages(ignore) using defaults
[0.522s] Level 1:colcon.colcon_core.package_discovery:discover_packages(path) discover
[0.522s] Level 1:colcon.colcon_core.package_discovery:discover_packages(path) using defaults
[0.551s] INFO:colcon.colcon_core.package_selection:Skipping not selected package 'bringup_pkg' in 'src/bringup_pkg'
[0.552s] INFO:colcon.colcon_core.package_selection:Skipping not selected package 'state_estimator_pkg' in 'src/state_estimator_pkg'
[0.552s] Level 1:colcon.colcon_core.package_discovery:discover_packages(prefix_path) check parameters
[0.552s] Level 1:colcon.colcon_core.package_discovery:discover_packages(prefix_path) discover
[0.554s] DEBUG:colcon.colcon_installed_package_information.package_discovery:Found 0 installed packages in /home/james/ros2_ws/install
[0.556s] DEBUG:colcon.colcon_installed_package_information.package_discovery:Found 280 installed packages in /opt/ros/humble
[0.574s] Level 1:colcon.colcon_core.package_discovery:discover_packages(prefix_path) using defaults
[0.629s] Level 5:colcon.colcon_core.verb:set package 'robot_sim_pkg' build argument 'cmake_args' from command line to 'None'
[0.629s] Level 5:colcon.colcon_core.verb:set package 'robot_sim_pkg' build argument 'cmake_target' from command line to 'None'
[0.629s] Level 5:colcon.colcon_core.verb:set package 'robot_sim_pkg' build argument 'cmake_target_skip_unavailable' from command line to 'False'
[0.629s] Level 5:colcon.colcon_core.verb:set package 'robot_sim_pkg' build argument 'cmake_clean_cache' from command line to 'False'
[0.629s] Level 5:colcon.colcon_core.verb:set package 'robot_sim_pkg' build argument 'cmake_clean_first' from command line to 'False'
[0.629s] Level 5:colcon.colcon_core.verb:set package 'robot_sim_pkg' build argument 'cmake_force_configure' from command line to 'False'
[0.629s] Level 5:colcon.colcon_core.verb:set package 'robot_sim_pkg' build argument 'ament_cmake_args' from command line to 'None'
[0.629s] Level 5:colcon.colcon_core.verb:set package 'robot_sim_pkg' build argument 'catkin_cmake_args' from command line to 'None'
[0.629s] Level 5:colcon.colcon_core.verb:set package 'robot_sim_pkg' build argument 'catkin_skip_building_tests' from command line to 'False'
[0.630s] DEBUG:colcon.colcon_core.verb:Building package 'robot_sim_pkg' with the following arguments: {'ament_cmake_args': None, 'build_base': '/home/james/ros2_projects/ros2-differential-drive-ekf/ros2_ws/build/robot_sim_pkg', 'catkin_cmake_args': None, 'catkin_skip_building_tests': False, 'cmake_args': None, 'cmake_clean_cache': False, 'cmake_clean_first': False, 'cmake_force_configure': False, 'cmake_target': None, 'cmake_target_skip_unavailable': False, 'install_base': '/home/james/ros2_projects/ros2-differential-drive-ekf/ros2_ws/install/robot_sim_pkg', 'merge_install': False, 'path': '/home/james/ros2_projects/ros2-differential-drive-ekf/ros2_ws/src/robot_sim_pkg', 'symlink_install': False, 'test_result_base': None}
[0.630s] INFO:colcon.colcon_core.executor:Executing jobs using 'parallel' executor
[0.632s] DEBUG:colcon.colcon_parallel_executor.executor.parallel:run_until_complete
[0.632s] INFO:colcon.colcon_ros.task.ament_python.build:Building ROS package in '/home/james/ros2_projects/ros2-differential-drive-ekf/ros2_ws/src/robot_sim_pkg' with build type 'ament_python'
[0.633s] Level 1:colcon.colcon_core.shell:create_environment_hook('robot_sim_pkg', 'ament_prefix_path')
[0.636s] INFO:colcon.colcon_core.plugin_system:Skipping extension 'colcon_core.shell.bat': Not used on non-Windows systems
[0.636s] INFO:colcon.colcon_core.shell:Creating environment hook '/home/james/ros2_projects/ros2-differential-drive-ekf/ros2_ws/install/robot_sim_pkg/share/robot_sim_pkg/hook/ament_prefix_path.ps1'
[0.638s] INFO:colcon.colcon_core.shell:Creating environment descriptor '/home/james/ros2_projects/ros2-differential-drive-ekf/ros2_ws/install/robot_sim_pkg/share/robot_sim_pkg/hook/ament_prefix_path.dsv'
[0.640s] INFO:colcon.colcon_core.shell:Creating environment hook '/home/james/ros2_projects/ros2-differential-drive-ekf/ros2_ws/install/robot_sim_pkg/share/robot_sim_pkg/hook/ament_prefix_path.sh'
[0.642s] INFO:colcon.colcon_core.shell:Skip shell extension 'powershell' for command environment: Not usable outside of PowerShell
[0.642s] DEBUG:colcon.colcon_core.shell:Skip shell extension 'dsv' for command environment
[0.996s] INFO:colcon.colcon_core.task.python.build:Building Python package in '/home/james/ros2_projects/ros2-differential-drive-ekf/ros2_ws/src/robot_sim_pkg'
[0.997s] INFO:colcon.colcon_core.shell:Skip shell extension 'powershell' for command environment: Not usable outside of PowerShell
[0.997s] DEBUG:colcon.colcon_core.shell:Skip shell extension 'dsv' for command environment
[63.054s] DEBUG:colcon.colcon_core.event_handler.log_command:Invoking command in '/home/james/ros2_projects/ros2-differential-drive-ekf/ros2_ws/src/robot_sim_pkg': PYTHONPATH=/home/james/ros2_projects/ros2-differential-drive-ekf/ros2_ws/build/robot_sim_pkg/prefix_override:/usr/lib/python3/dist-packages/colcon_core/task/python/colcon_distutils_commands:/home/james/ros2_projects/ros2-differential-drive-ekf/ros2_ws/install/robot_sim_pkg/lib/python3.10/site-packages:${PYTHONPATH} /usr/bin/python3 -W ignore:setup.py install is deprecated -W ignore:easy_install command is deprecated setup.py egg_info --egg-base ../../build/robot_sim_pkg build --build-base /home/james/ros2_projects/ros2-differential-drive-ekf/ros2_ws/build/robot_sim_pkg/build install --record /home/james/ros2_projects/ros2-differential-drive-ekf/ros2_ws/build/robot_sim_pkg/install.log --single-version-externally-managed install_data
[63.740s] DEBUG:colcon.colcon_core.event_handler.log_command:Invoked command in '/home/james/ros2_projects/ros2-differential-drive-ekf/ros2_ws/src/robot_sim_pkg' returned '0': PYTHONPATH=/home/james/ros2_projects/ros2-differential-drive-ekf/ros2_ws/build/robot_sim_pkg/prefix_override:/usr/lib/python3/dist-packages/colcon_core/task/python/colcon_distutils_commands:/home/james/ros2_projects/ros2-differential-drive-ekf/ros2_ws/install/robot_sim_pkg/lib/python3.10/site-packages:${PYTHONPATH} /usr/bin/python3 -W ignore:setup.py install is deprecated -W ignore:easy_install command is deprecated setup.py egg_info --egg-base ../../build/robot_sim_pkg build --build-base /home/james/ros2_projects/ros2-differential-drive-ekf/ros2_ws/build/robot_sim_pkg/build install --record /home/james/ros2_projects/ros2-differential-drive-ekf/ros2_ws/build/robot_sim_pkg/install.log --single-version-externally-managed install_data
[63.744s] Level 1:colcon.colcon_core.environment:checking '/home/james/ros2_projects/ros2-differential-drive-ekf/ros2_ws/install/robot_sim_pkg' for CMake module files
[63.745s] Level 1:colcon.colcon_core.environment:checking '/home/james/ros2_projects/ros2-differential-drive-ekf/ros2_ws/install/robot_sim_pkg' for CMake config files
[63.746s] Level 1:colcon.colcon_core.environment:checking '/home/james/ros2_projects/ros2-differential-drive-ekf/ros2_ws/install/robot_sim_pkg/lib'
[63.747s] Level 1:colcon.colcon_core.environment:checking '/home/james/ros2_projects/ros2-differential-drive-ekf/ros2_ws/install/robot_sim_pkg/bin'
[63.747s] Level 1:colcon.colcon_core.environment:checking '/home/james/ros2_projects/ros2-differential-drive-ekf/ros2_ws/install/robot_sim_pkg/lib/pkgconfig/robot_sim_pkg.pc'
[63.748s] Level 1:colcon.colcon_core.environment:checking '/home/james/ros2_projects/ros2-differential-drive-ekf/ros2_ws/install/robot_sim_pkg/lib/python3.10/site-packages'
[63.748s] Level 1:colcon.colcon_core.shell:create_environment_hook('robot_sim_pkg', 'pythonpath')
[63.749s] INFO:colcon.colcon_core.shell:Creating environment hook '/home/james/ros2_projects/ros2-differential-drive-ekf/ros2_ws/install/robot_sim_pkg/share/robot_sim_pkg/hook/pythonpath.ps1'
[63.750s] INFO:colcon.colcon_core.shell:Creating environment descriptor '/home/james/ros2_projects/ros2-differential-drive-ekf/ros2_ws/install/robot_sim_pkg/share/robot_sim_pkg/hook/pythonpath.dsv'
[63.751s] INFO:colcon.colcon_core.shell:Creating environment hook '/home/james/ros2_projects/ros2-differential-drive-ekf/ros2_ws/install/robot_sim_pkg/share/robot_sim_pkg/hook/pythonpath.sh'
[63.753s] Level 1:colcon.colcon_core.environment:checking '/home/james/ros2_projects/ros2-differential-drive-ekf/ros2_ws/install/robot_sim_pkg/bin'
[63.753s] Level 1:colcon.colcon_core.environment:create_environment_scripts_only(robot_sim_pkg)
[63.754s] INFO:colcon.colcon_core.shell:Creating package script '/home/james/ros2_projects/ros2-differential-drive-ekf/ros2_ws/install/robot_sim_pkg/share/robot_sim_pkg/package.ps1'
[63.756s] INFO:colcon.colcon_core.shell:Creating package descriptor '/home/james/ros2_projects/ros2-differential-drive-ekf/ros2_ws/install/robot_sim_pkg/share/robot_sim_pkg/package.dsv'
[63.757s] INFO:colcon.colcon_core.shell:Creating package script '/home/james/ros2_projects/ros2-differential-drive-ekf/ros2_ws/install/robot_sim_pkg/share/robot_sim_pkg/package.sh'
[63.758s] INFO:colcon.colcon_core.shell:Creating package script '/home/james/ros2_projects/ros2-differential-drive-ekf/ros2_ws/install/robot_sim_pkg/share/robot_sim_pkg/package.bash'
[63.760s] INFO:colcon.colcon_core.shell:Creating package script '/home/james/ros2_projects/ros2-differential-drive-ekf/ros2_ws/install/robot_sim_pkg/share/robot_sim_pkg/package.zsh'
[63.763s] Level 1:colcon.colcon_core.environment:create_file_with_runtime_dependencies(/home/james/ros2_projects/ros2-differential-drive-ekf/ros2_ws/install/robot_sim_pkg/share/colcon-core/packages/robot_sim_pkg)
[63.765s] DEBUG:colcon.colcon_parallel_executor.executor.parallel:closing loop
[63.766s] DEBUG:colcon.colcon_parallel_executor.executor.parallel:loop closed
[63.767s] DEBUG:colcon.colcon_parallel_executor.executor.parallel:run_until_complete finished with '0'
[63.768s] DEBUG:colcon.colcon_core.event_reactor:joining thread
[63.869s] INFO:colcon.colcon_core.plugin_system:Skipping extension 'colcon_notification.desktop_notification.notify_send': Could not find 'notify-send'
[63.870s] INFO:colcon.colcon_core.plugin_system:Skipping extension 'colcon_notification.desktop_notification.terminal_notifier': Not used on non-Darwin systems
[63.870s] INFO:colcon.colcon_core.plugin_system:Skipping extension 'colcon_notification.desktop_notification.win32': Not used on non-Windows systems
[63.870s] INFO:colcon.colcon_notification.desktop_notification:Sending desktop notification using 'notify2'
[63.870s] DEBUG:colcon.colcon_notification.desktop_notification.notify2:Failed to initialize notify2: org.freedesktop.DBus.Error.AccessDenied: Failed to connect to socket /run/user/1000/bus: Operation not permitted
[63.871s] DEBUG:colcon.colcon_core.event_reactor:joined thread
[63.871s] INFO:colcon.colcon_core.shell:Creating prefix script '/home/james/ros2_projects/ros2-differential-drive-ekf/ros2_ws/install/local_setup.ps1'
[63.873s] INFO:colcon.colcon_core.shell:Creating prefix util module '/home/james/ros2_projects/ros2-differential-drive-ekf/ros2_ws/install/_local_setup_util_ps1.py'
[63.875s] INFO:colcon.colcon_core.shell:Creating prefix chain script '/home/james/ros2_projects/ros2-differential-drive-ekf/ros2_ws/install/setup.ps1'
[63.876s] INFO:colcon.colcon_core.shell:Creating prefix script '/home/james/ros2_projects/ros2-differential-drive-ekf/ros2_ws/install/local_setup.sh'
[63.878s] INFO:colcon.colcon_core.shell:Creating prefix util module '/home/james/ros2_projects/ros2-differential-drive-ekf/ros2_ws/install/_local_setup_util_sh.py'
[63.879s] INFO:colcon.colcon_core.shell:Creating prefix chain script '/home/james/ros2_projects/ros2-differential-drive-ekf/ros2_ws/install/setup.sh'
[63.880s] INFO:colcon.colcon_core.shell:Creating prefix script '/home/james/ros2_projects/ros2-differential-drive-ekf/ros2_ws/install/local_setup.bash'
[63.881s] INFO:colcon.colcon_core.shell:Creating prefix chain script '/home/james/ros2_projects/ros2-differential-drive-ekf/ros2_ws/install/setup.bash'
[63.884s] INFO:colcon.colcon_core.shell:Creating prefix script '/home/james/ros2_projects/ros2-differential-drive-ekf/ros2_ws/install/local_setup.zsh'
[63.885s] INFO:colcon.colcon_core.shell:Creating prefix chain script '/home/james/ros2_projects/ros2-differential-drive-ekf/ros2_ws/install/setup.zsh'
