[1.665s] Invoking command in '/home/james/ros2_projects/ros2-differential-drive-ekf/ros2_ws/src/bringup_pkg': PYTHONPATH=/home/james/ros2_projects/ros2-differential-drive-ekf/ros2_ws/build/bringup_pkg/prefix_override:/usr/lib/python3/dist-packages/colcon_core/task/python/colcon_distutils_commands:/home/james/ros2_projects/ros2-differential-drive-ekf/ros2_ws/install/bringup_pkg/lib/python3.10/site-packages:${PYTHONPATH} /usr/bin/python3 -W ignore:setup.py install is deprecated -W ignore:easy_install command is deprecated setup.py egg_info --egg-base ../../build/bringup_pkg build --build-base /home/james/ros2_projects/ros2-differential-drive-ekf/ros2_ws/build/bringup_pkg/build install --record /home/james/ros2_projects/ros2-differential-drive-ekf/ros2_ws/build/bringup_pkg/install.log --single-version-externally-managed install_data
[1.902s] running egg_info
[1.903s] writing ../../build/bringup_pkg/bringup_pkg.egg-info/PKG-INFO
[1.905s] writing dependency_links to ../../build/bringup_pkg/bringup_pkg.egg-info/dependency_links.txt
[1.906s] writing entry points to ../../build/bringup_pkg/bringup_pkg.egg-info/entry_points.txt
[1.906s] writing requirements to ../../build/bringup_pkg/bringup_pkg.egg-info/requires.txt
[1.906s] writing top-level names to ../../build/bringup_pkg/bringup_pkg.egg-info/top_level.txt
[1.906s] reading manifest file '../../build/bringup_pkg/bringup_pkg.egg-info/SOURCES.txt'
[1.907s] writing manifest file '../../build/bringup_pkg/bringup_pkg.egg-info/SOURCES.txt'
[1.907s] running build
[1.907s] running build_py
[1.907s] running install
[1.907s] running install_lib
[1.908s] running install_data
[1.908s] running install_egg_info
[1.910s] removing '/home/james/ros2_projects/ros2-differential-drive-ekf/ros2_ws/install/bringup_pkg/lib/python3.10/site-packages/bringup_pkg-0.0.0-py3.10.egg-info' (and everything under it)
[1.911s] Copying ../../build/bringup_pkg/bringup_pkg.egg-info to /home/james/ros2_projects/ros2-differential-drive-ekf/ros2_ws/install/bringup_pkg/lib/python3.10/site-packages/bringup_pkg-0.0.0-py3.10.egg-info
[1.913s] running install_scripts
[1.939s] writing list of installed files to '/home/james/ros2_projects/ros2-differential-drive-ekf/ros2_ws/build/bringup_pkg/install.log'
[1.988s] Invoked command in '/home/james/ros2_projects/ros2-differential-drive-ekf/ros2_ws/src/bringup_pkg' returned '0': PYTHONPATH=/home/james/ros2_projects/ros2-differential-drive-ekf/ros2_ws/build/bringup_pkg/prefix_override:/usr/lib/python3/dist-packages/colcon_core/task/python/colcon_distutils_commands:/home/james/ros2_projects/ros2-differential-drive-ekf/ros2_ws/install/bringup_pkg/lib/python3.10/site-packages:${PYTHONPATH} /usr/bin/python3 -W ignore:setup.py install is deprecated -W ignore:easy_install command is deprecated setup.py egg_info --egg-base ../../build/bringup_pkg build --build-base /home/james/ros2_projects/ros2-differential-drive-ekf/ros2_ws/build/bringup_pkg/build install --record /home/james/ros2_projects/ros2-differential-drive-ekf/ros2_ws/build/bringup_pkg/install.log --single-version-externally-managed install_data
