[0.663s] Invoking command in '/home/james/ros2_projects/ros2-differential-drive-ekf/ros2_ws/src/robot_sim_pkg': PYTHONPATH=/home/james/ros2_projects/ros2-differential-drive-ekf/ros2_ws/build/robot_sim_pkg/prefix_override:/usr/lib/python3/dist-packages/colcon_core/task/python/colcon_distutils_commands:/home/james/ros2_projects/ros2-differential-drive-ekf/ros2_ws/install/robot_sim_pkg/lib/python3.10/site-packages:${PYTHONPATH} /usr/bin/python3 -W ignore:setup.py install is deprecated -W ignore:easy_install command is deprecated setup.py egg_info --egg-base ../../build/robot_sim_pkg build --build-base /home/james/ros2_projects/ros2-differential-drive-ekf/ros2_ws/build/robot_sim_pkg/build install --record /home/james/ros2_projects/ros2-differential-drive-ekf/ros2_ws/build/robot_sim_pkg/install.log --single-version-externally-managed install_data
[0.895s] running egg_info
[0.896s] writing ../../build/robot_sim_pkg/robot_sim_pkg.egg-info/PKG-INFO
[0.897s] writing dependency_links to ../../build/robot_sim_pkg/robot_sim_pkg.egg-info/dependency_links.txt
[0.897s] writing entry points to ../../build/robot_sim_pkg/robot_sim_pkg.egg-info/entry_points.txt
[0.897s] writing requirements to ../../build/robot_sim_pkg/robot_sim_pkg.egg-info/requires.txt
[0.898s] writing top-level names to ../../build/robot_sim_pkg/robot_sim_pkg.egg-info/top_level.txt
[0.900s] reading manifest file '../../build/robot_sim_pkg/robot_sim_pkg.egg-info/SOURCES.txt'
[0.900s] writing manifest file '../../build/robot_sim_pkg/robot_sim_pkg.egg-info/SOURCES.txt'
[0.901s] running build
[0.902s] running build_py
[0.902s] copying robot_sim_pkg/robot_sim_node.py -> /home/james/ros2_projects/ros2-differential-drive-ekf/ros2_ws/build/robot_sim_pkg/build/lib/robot_sim_pkg
[0.902s] running install
[0.902s] running install_lib
[0.904s] copying /home/james/ros2_projects/ros2-differential-drive-ekf/ros2_ws/build/robot_sim_pkg/build/lib/robot_sim_pkg/robot_sim_node.py -> /home/james/ros2_projects/ros2-differential-drive-ekf/ros2_ws/install/robot_sim_pkg/lib/python3.10/site-packages/robot_sim_pkg
[0.905s] byte-compiling /home/james/ros2_projects/ros2-differential-drive-ekf/ros2_ws/install/robot_sim_pkg/lib/python3.10/site-packages/robot_sim_pkg/robot_sim_node.py to robot_sim_node.cpython-310.pyc
[0.907s] running install_data
[0.907s] running install_egg_info
[0.910s] removing '/home/james/ros2_projects/ros2-differential-drive-ekf/ros2_ws/install/robot_sim_pkg/lib/python3.10/site-packages/robot_sim_pkg-0.0.0-py3.10.egg-info' (and everything under it)
[0.912s] Copying ../../build/robot_sim_pkg/robot_sim_pkg.egg-info to /home/james/ros2_projects/ros2-differential-drive-ekf/ros2_ws/install/robot_sim_pkg/lib/python3.10/site-packages/robot_sim_pkg-0.0.0-py3.10.egg-info
[0.914s] running install_scripts
[0.938s] Installing robot_sim_node script to /home/james/ros2_projects/ros2-differential-drive-ekf/ros2_ws/install/robot_sim_pkg/lib/robot_sim_pkg
[0.939s] writing list of installed files to '/home/james/ros2_projects/ros2-differential-drive-ekf/ros2_ws/build/robot_sim_pkg/install.log'
[0.974s] Invoked command in '/home/james/ros2_projects/ros2-differential-drive-ekf/ros2_ws/src/robot_sim_pkg' returned '0': PYTHONPATH=/home/james/ros2_projects/ros2-differential-drive-ekf/ros2_ws/build/robot_sim_pkg/prefix_override:/usr/lib/python3/dist-packages/colcon_core/task/python/colcon_distutils_commands:/home/james/ros2_projects/ros2-differential-drive-ekf/ros2_ws/install/robot_sim_pkg/lib/python3.10/site-packages:${PYTHONPATH} /usr/bin/python3 -W ignore:setup.py install is deprecated -W ignore:easy_install command is deprecated setup.py egg_info --egg-base ../../build/robot_sim_pkg build --build-base /home/james/ros2_projects/ros2-differential-drive-ekf/ros2_ws/build/robot_sim_pkg/build install --record /home/james/ros2_projects/ros2-differential-drive-ekf/ros2_ws/build/robot_sim_pkg/install.log --single-version-externally-managed install_data
