[1.391s] Invoking command in '/home/james/ros2_projects/ros2-differential-drive-ekf/ros2_ws/src/robot_sim_pkg': PYTHONPATH=/home/james/ros2_projects/ros2-differential-drive-ekf/ros2_ws/build/robot_sim_pkg/prefix_override:/usr/lib/python3/dist-packages/colcon_core/task/python/colcon_distutils_commands:/home/james/ros2_projects/ros2-differential-drive-ekf/ros2_ws/install/robot_sim_pkg/lib/python3.10/site-packages:${PYTHONPATH} /usr/bin/python3 -W ignore:setup.py install is deprecated -W ignore:easy_install command is deprecated setup.py egg_info --egg-base ../../build/robot_sim_pkg build --build-base /home/james/ros2_projects/ros2-differential-drive-ekf/ros2_ws/build/robot_sim_pkg/build install --record /home/james/ros2_projects/ros2-differential-drive-ekf/ros2_ws/build/robot_sim_pkg/install.log --single-version-externally-managed install_data
[1.662s] running egg_info
[1.664s] writing ../../build/robot_sim_pkg/robot_sim_pkg.egg-info/PKG-INFO
[1.665s] writing dependency_links to ../../build/robot_sim_pkg/robot_sim_pkg.egg-info/dependency_links.txt
[1.665s] writing entry points to ../../build/robot_sim_pkg/robot_sim_pkg.egg-info/entry_points.txt
[1.666s] writing requirements to ../../build/robot_sim_pkg/robot_sim_pkg.egg-info/requires.txt
[1.666s] writing top-level names to ../../build/robot_sim_pkg/robot_sim_pkg.egg-info/top_level.txt
[1.668s] reading manifest file '../../build/robot_sim_pkg/robot_sim_pkg.egg-info/SOURCES.txt'
[1.670s] writing manifest file '../../build/robot_sim_pkg/robot_sim_pkg.egg-info/SOURCES.txt'
[1.670s] running build
[1.671s] running build_py
[1.671s] running install
[1.671s] running install_lib
[1.672s] running install_data
[1.672s] running install_egg_info
[1.675s] removing '/home/james/ros2_projects/ros2-differential-drive-ekf/ros2_ws/install/robot_sim_pkg/lib/python3.10/site-packages/robot_sim_pkg-0.0.0-py3.10.egg-info' (and everything under it)
[1.675s] Copying ../../build/robot_sim_pkg/robot_sim_pkg.egg-info to /home/james/ros2_projects/ros2-differential-drive-ekf/ros2_ws/install/robot_sim_pkg/lib/python3.10/site-packages/robot_sim_pkg-0.0.0-py3.10.egg-info
[1.677s] running install_scripts
[1.702s] writing list of installed files to '/home/james/ros2_projects/ros2-differential-drive-ekf/ros2_ws/build/robot_sim_pkg/install.log'
[1.774s] Invoked command in '/home/james/ros2_projects/ros2-differential-drive-ekf/ros2_ws/src/robot_sim_pkg' returned '0': PYTHONPATH=/home/james/ros2_projects/ros2-differential-drive-ekf/ros2_ws/build/robot_sim_pkg/prefix_override:/usr/lib/python3/dist-packages/colcon_core/task/python/colcon_distutils_commands:/home/james/ros2_projects/ros2-differential-drive-ekf/ros2_ws/install/robot_sim_pkg/lib/python3.10/site-packages:${PYTHONPATH} /usr/bin/python3 -W ignore:setup.py install is deprecated -W ignore:easy_install command is deprecated setup.py egg_info --egg-base ../../build/robot_sim_pkg build --build-base /home/james/ros2_projects/ros2-differential-drive-ekf/ros2_ws/build/robot_sim_pkg/build install --record /home/james/ros2_projects/ros2-differential-drive-ekf/ros2_ws/build/robot_sim_pkg/install.log --single-version-externally-managed install_data
