[1.881s] Invoking command in '/home/james/ros2_projects/ros2-differential-drive-ekf/ros2_ws/src/bringup_pkg': PYTHONPATH=/home/james/ros2_projects/ros2-differential-drive-ekf/ros2_ws/build/bringup_pkg/prefix_override:/usr/lib/python3/dist-packages/colcon_core/task/python/colcon_distutils_commands:/home/james/ros2_projects/ros2-differential-drive-ekf/ros2_ws/install/bringup_pkg/lib/python3.10/site-packages:${PYTHONPATH} /usr/bin/python3 -W ignore:setup.py install is deprecated -W ignore:easy_install command is deprecated setup.py egg_info --egg-base ../../build/bringup_pkg build --build-base /home/james/ros2_projects/ros2-differential-drive-ekf/ros2_ws/build/bringup_pkg/build install --record /home/james/ros2_projects/ros2-differential-drive-ekf/ros2_ws/build/bringup_pkg/install.log --single-version-externally-managed install_data
[2.139s] running egg_info
[2.141s] writing ../../build/bringup_pkg/bringup_pkg.egg-info/PKG-INFO
[2.142s] writing dependency_links to ../../build/bringup_pkg/bringup_pkg.egg-info/dependency_links.txt
[2.142s] writing entry points to ../../build/bringup_pkg/bringup_pkg.egg-info/entry_points.txt
[2.142s] writing requirements to ../../build/bringup_pkg/bringup_pkg.egg-info/requires.txt
[2.142s] writing top-level names to ../../build/bringup_pkg/bringup_pkg.egg-info/top_level.txt
[2.144s] reading manifest file '../../build/bringup_pkg/bringup_pkg.egg-info/SOURCES.txt'
[2.161s] writing manifest file '../../build/bringup_pkg/bringup_pkg.egg-info/SOURCES.txt'
[2.162s] running build
[2.162s] running build_py
[2.162s] running install
[2.162s] running install_lib
[2.164s] running install_data
[2.164s] running install_egg_info
[2.167s] removing '/home/james/ros2_projects/ros2-differential-drive-ekf/ros2_ws/install/bringup_pkg/lib/python3.10/site-packages/bringup_pkg-0.0.0-py3.10.egg-info' (and everything under it)
[2.170s] Copying ../../build/bringup_pkg/bringup_pkg.egg-info to /home/james/ros2_projects/ros2-differential-drive-ekf/ros2_ws/install/bringup_pkg/lib/python3.10/site-packages/bringup_pkg-0.0.0-py3.10.egg-info
[2.170s] running install_scripts
[2.190s] writing list of installed files to '/home/james/ros2_projects/ros2-differential-drive-ekf/ros2_ws/build/bringup_pkg/install.log'
[2.225s] Invoked command in '/home/james/ros2_projects/ros2-differential-drive-ekf/ros2_ws/src/bringup_pkg' returned '0': PYTHONPATH=/home/james/ros2_projects/ros2-differential-drive-ekf/ros2_ws/build/bringup_pkg/prefix_override:/usr/lib/python3/dist-packages/colcon_core/task/python/colcon_distutils_commands:/home/james/ros2_projects/ros2-differential-drive-ekf/ros2_ws/install/bringup_pkg/lib/python3.10/site-packages:${PYTHONPATH} /usr/bin/python3 -W ignore:setup.py install is deprecated -W ignore:easy_install command is deprecated setup.py egg_info --egg-base ../../build/bringup_pkg build --build-base /home/james/ros2_projects/ros2-differential-drive-ekf/ros2_ws/build/bringup_pkg/build install --record /home/james/ros2_projects/ros2-differential-drive-ekf/ros2_ws/build/bringup_pkg/install.log --single-version-externally-managed install_data
