[60.938s] Invoking command in '/home/james/ros2_projects/ros2-differential-drive-ekf/ros2_ws/src/robot_sim_pkg': AMENT_PREFIX_PATH=/home/james/ros2_projects/ros2-differential-drive-ekf/ros2_ws/install/state_estimator_pkg:${AMENT_PREFIX_PATH} PYTHONPATH=/home/james/ros2_projects/ros2-differential-drive-ekf/ros2_ws/build/robot_sim_pkg/prefix_override:/usr/lib/python3/dist-packages/colcon_core/task/python/colcon_distutils_commands:/home/james/ros2_projects/ros2-differential-drive-ekf/ros2_ws/install/robot_sim_pkg/lib/python3.10/site-packages:/home/james/ros2_projects/ros2-differential-drive-ekf/ros2_ws/install/state_estimator_pkg/lib/python3.10/site-packages:${PYTHONPATH} /usr/bin/python3 -W ignore:setup.py install is deprecated -W ignore:easy_install command is deprecated setup.py egg_info --egg-base ../../build/robot_sim_pkg build --build-base /home/james/ros2_projects/ros2-differential-drive-ekf/ros2_ws/build/robot_sim_pkg/build install --record /home/james/ros2_projects/ros2-differential-drive-ekf/ros2_ws/build/robot_sim_pkg/install.log --single-version-externally-managed install_data
[61.220s] running egg_info
[61.220s] writing ../../build/robot_sim_pkg/robot_sim_pkg.egg-info/PKG-INFO
[61.223s] writing dependency_links to ../../build/robot_sim_pkg/robot_sim_pkg.egg-info/dependency_links.txt
[61.223s] writing entry points to ../../build/robot_sim_pkg/robot_sim_pkg.egg-info/entry_points.txt
[61.224s] writing requirements to ../../build/robot_sim_pkg/robot_sim_pkg.egg-info/requires.txt
[61.224s] writing top-level names to ../../build/robot_sim_pkg/robot_sim_pkg.egg-info/top_level.txt
[61.227s] reading manifest file '../../build/robot_sim_pkg/robot_sim_pkg.egg-info/SOURCES.txt'
[61.228s] writing manifest file '../../build/robot_sim_pkg/robot_sim_pkg.egg-info/SOURCES.txt'
[61.229s] running build
[61.229s] running build_py
[61.229s] running install
[61.229s] running install_lib
[61.232s] running install_data
[61.232s] copying package.xml -> /home/james/ros2_projects/ros2-differential-drive-ekf/ros2_ws/install/robot_sim_pkg/share/robot_sim_pkg
[61.232s] copying launch/phase1.launch.py -> /home/james/ros2_projects/ros2-differential-drive-ekf/ros2_ws/install/robot_sim_pkg/share/robot_sim_pkg/launch
[61.232s] copying rviz/phase1.rviz -> /home/james/ros2_projects/ros2-differential-drive-ekf/ros2_ws/install/robot_sim_pkg/share/robot_sim_pkg/rviz
[61.232s] running install_egg_info
[61.234s] removing '/home/james/ros2_projects/ros2-differential-drive-ekf/ros2_ws/install/robot_sim_pkg/lib/python3.10/site-packages/robot_sim_pkg-0.0.0-py3.10.egg-info' (and everything under it)
[61.234s] Copying ../../build/robot_sim_pkg/robot_sim_pkg.egg-info to /home/james/ros2_projects/ros2-differential-drive-ekf/ros2_ws/install/robot_sim_pkg/lib/python3.10/site-packages/robot_sim_pkg-0.0.0-py3.10.egg-info
[61.236s] running install_scripts
[61.265s] Installing robot_sim_node script to /home/james/ros2_projects/ros2-differential-drive-ekf/ros2_ws/install/robot_sim_pkg/lib/robot_sim_pkg
[61.265s] writing list of installed files to '/home/james/ros2_projects/ros2-differential-drive-ekf/ros2_ws/build/robot_sim_pkg/install.log'
[61.300s] Invoked command in '/home/james/ros2_projects/ros2-differential-drive-ekf/ros2_ws/src/robot_sim_pkg' returned '0': AMENT_PREFIX_PATH=/home/james/ros2_projects/ros2-differential-drive-ekf/ros2_ws/install/state_estimator_pkg:${AMENT_PREFIX_PATH} PYTHONPATH=/home/james/ros2_projects/ros2-differential-drive-ekf/ros2_ws/build/robot_sim_pkg/prefix_override:/usr/lib/python3/dist-packages/colcon_core/task/python/colcon_distutils_commands:/home/james/ros2_projects/ros2-differential-drive-ekf/ros2_ws/install/robot_sim_pkg/lib/python3.10/site-packages:/home/james/ros2_projects/ros2-differential-drive-ekf/ros2_ws/install/state_estimator_pkg/lib/python3.10/site-packages:${PYTHONPATH} /usr/bin/python3 -W ignore:setup.py install is deprecated -W ignore:easy_install command is deprecated setup.py egg_info --egg-base ../../build/robot_sim_pkg build --build-base /home/james/ros2_projects/ros2-differential-drive-ekf/ros2_ws/build/robot_sim_pkg/build install --record /home/james/ros2_projects/ros2-differential-drive-ekf/ros2_ws/build/robot_sim_pkg/install.log --single-version-externally-managed install_data
