[0.520s] DEBUG:colcon:Command line arguments: ['/usr/bin/colcon', 'build']
[0.520s] DEBUG:colcon:Parsed command line arguments: Namespace(log_base=None, log_level=None, verb_name='build', build_base='build', install_base='install', merge_install=False, symlink_install=False, test_result_base=None, continue_on_error=False, executor='parallel', parallel_workers=20, event_handlers=None, ignore_user_meta=False, metas=['./colcon.meta'], base_paths=['.'], packages_ignore=None, packages_ignore_regex=None, paths=None, packages_up_to=None, packages_up_to_regex=None, packages_above=None, packages_above_and_dependencies=None, packages_above_depth=None, packages_select_by_dep=None, packages_skip_by_dep=None, packages_skip_up_to=None, packages_select_build_failed=False, packages_skip_build_finished=False, packages_select_test_failures=False, packages_skip_test_passed=False, packages_select=None, packages_skip=None, packages_select_regex=None, packages_skip_regex=None, packages_start=None, packages_end=None, allow_overriding=[], cmake_args=None, cmake_target=None, cmake_target_skip_unavailable=False, cmake_clean_cache=False, cmake_clean_first=False, cmake_force_configure=False, ament_cmake_args=None, catkin_cmake_args=None, catkin_skip_building_tests=False, verb_parser=<colcon_defaults.argument_parser.defaults.DefaultArgumentsDecorator object at 0x74534bd2bee0>, verb_extension=<colcon_core.verb.build.BuildVerb object at 0x74534bd2b9d0>, main=<bound method BuildVerb.main of <colcon_core.verb.build.BuildVerb object at 0x74534bd2b9d0>>)
[0.805s] Level 1:colcon.colcon_core.package_discovery:discover_packages(colcon_meta) check parameters
[0.806s] Level 1:colcon.colcon_core.package_discovery:discover_packages(recursive) check parameters
[0.806s] Level 1:colcon.colcon_core.package_discovery:discover_packages(ignore) check parameters
[0.806s] Level 1:colcon.colcon_core.package_discovery:discover_packages(path) check parameters
[0.806s] Level 1:colcon.colcon_core.package_discovery:discover_packages(colcon_meta) discover
[0.806s] Level 1:colcon.colcon_core.package_discovery:discover_packages(recursive) discover
[0.806s] INFO:colcon.colcon_core.package_discovery:Crawling recursively for packages in '/home/james/ros2_projects/ros2-differential-drive-ekf/ros2_ws'
[0.806s] Level 1:colcon.colcon_core.package_identification:_identify(.) by extensions ['ignore', 'ignore_ament_install']
[0.807s] Level 1:colcon.colcon_core.package_identification:_identify(.) by extension 'ignore'
[0.807s] Level 1:colcon.colcon_core.package_identification:_identify(.) by extension 'ignore_ament_install'
[0.807s] Level 1:colcon.colcon_core.package_identification:_identify(.) by extensions ['colcon_pkg']
[0.807s] Level 1:colcon.colcon_core.package_identification:_identify(.) by extension 'colcon_pkg'
[0.807s] Level 1:colcon.colcon_core.package_identification:_identify(.) by extensions ['colcon_meta']
[0.807s] Level 1:colcon.colcon_core.package_identification:_identify(.) by extension 'colcon_meta'
[0.807s] Level 1:colcon.colcon_core.package_identification:_identify(.) by extensions ['ros']
[0.807s] Level 1:colcon.colcon_core.package_identification:_identify(.) by extension 'ros'
[0.832s] Level 1:colcon.colcon_core.package_identification:_identify(.) by extensions ['cmake', 'python']
[0.832s] Level 1:colcon.colcon_core.package_identification:_identify(.) by extension 'cmake'
[0.833s] Level 1:colcon.colcon_core.package_identification:_identify(.) by extension 'python'
[0.833s] Level 1:colcon.colcon_core.package_identification:_identify(.) by extensions ['python_setup_py']
[0.833s] Level 1:colcon.colcon_core.package_identification:_identify(.) by extension 'python_setup_py'
[0.833s] Level 1:colcon.colcon_core.package_identification:_identify(build) by extensions ['ignore', 'ignore_ament_install']
[0.834s] Level 1:colcon.colcon_core.package_identification:_identify(build) by extension 'ignore'
[0.834s] Level 1:colcon.colcon_core.package_identification:_identify(build) ignored
[0.834s] Level 1:colcon.colcon_core.package_identification:_identify(install) by extensions ['ignore', 'ignore_ament_install']
[0.835s] Level 1:colcon.colcon_core.package_identification:_identify(install) by extension 'ignore'
[0.835s] Level 1:colcon.colcon_core.package_identification:_identify(install) ignored
[0.836s] Level 1:colcon.colcon_core.package_identification:_identify(log) by extensions ['ignore', 'ignore_ament_install']
[0.836s] Level 1:colcon.colcon_core.package_identification:_identify(log) by extension 'ignore'
[0.836s] Level 1:colcon.colcon_core.package_identification:_identify(log) ignored
[0.837s] Level 1:colcon.colcon_core.package_identification:_identify(src) by extensions ['ignore', 'ignore_ament_install']
[0.837s] Level 1:colcon.colcon_core.package_identification:_identify(src) by extension 'ignore'
[0.837s] Level 1:colcon.colcon_core.package_identification:_identify(src) by extension 'ignore_ament_install'
[0.838s] Level 1:colcon.colcon_core.package_identification:_identify(src) by extensions ['colcon_pkg']
[0.838s] Level 1:colcon.colcon_core.package_identification:_identify(src) by extension 'colcon_pkg'
[0.838s] Level 1:colcon.colcon_core.package_identification:_identify(src) by extensions ['colcon_meta']
[0.838s] Level 1:colcon.colcon_core.package_identification:_identify(src) by extension 'colcon_meta'
[0.838s] Level 1:colcon.colcon_core.package_identification:_identify(src) by extensions ['ros']
[0.838s] Level 1:colcon.colcon_core.package_identification:_identify(src) by extension 'ros'
[0.839s] Level 1:colcon.colcon_core.package_identification:_identify(src) by extensions ['cmake', 'python']
[0.839s] Level 1:colcon.colcon_core.package_identification:_identify(src) by extension 'cmake'
[0.840s] Level 1:colcon.colcon_core.package_identification:_identify(src) by extension 'python'
[0.841s] Level 1:colcon.colcon_core.package_identification:_identify(src) by extensions ['python_setup_py']
[0.841s] Level 1:colcon.colcon_core.package_identification:_identify(src) by extension 'python_setup_py'
[0.841s] Level 1:colcon.colcon_core.package_identification:_identify(src/bringup_pkg) by extensions ['ignore', 'ignore_ament_install']
[0.842s] Level 1:colcon.colcon_core.package_identification:_identify(src/bringup_pkg) by extension 'ignore'
[0.842s] Level 1:colcon.colcon_core.package_identification:_identify(src/bringup_pkg) by extension 'ignore_ament_install'
[0.842s] Level 1:colcon.colcon_core.package_identification:_identify(src/bringup_pkg) by extensions ['colcon_pkg']
[0.842s] Level 1:colcon.colcon_core.package_identification:_identify(src/bringup_pkg) by extension 'colcon_pkg'
[0.842s] Level 1:colcon.colcon_core.package_identification:_identify(src/bringup_pkg) by extensions ['colcon_meta']
[0.842s] Level 1:colcon.colcon_core.package_identification:_identify(src/bringup_pkg) by extension 'colcon_meta'
[0.843s] Level 1:colcon.colcon_core.package_identification:_identify(src/bringup_pkg) by extensions ['ros']
[0.843s] Level 1:colcon.colcon_core.package_identification:_identify(src/bringup_pkg) by extension 'ros'
[0.850s] DEBUG:colcon.colcon_core.package_identification:Package 'src/bringup_pkg' with type 'ros.ament_python' and name 'bringup_pkg'
[0.851s] Level 1:colcon.colcon_core.package_identification:_identify(src/robot_sim_pkg) by extensions ['ignore', 'ignore_ament_install']
[0.851s] Level 1:colcon.colcon_core.package_identification:_identify(src/robot_sim_pkg) by extension 'ignore'
[0.851s] Level 1:colcon.colcon_core.package_identification:_identify(src/robot_sim_pkg) by extension 'ignore_ament_install'
[0.851s] Level 1:colcon.colcon_core.package_identification:_identify(src/robot_sim_pkg) by extensions ['colcon_pkg']
[0.851s] Level 1:colcon.colcon_core.package_identification:_identify(src/robot_sim_pkg) by extension 'colcon_pkg'
[0.852s] Level 1:colcon.colcon_core.package_identification:_identify(src/robot_sim_pkg) by extensions ['colcon_meta']
[0.852s] Level 1:colcon.colcon_core.package_identification:_identify(src/robot_sim_pkg) by extension 'colcon_meta'
[0.852s] Level 1:colcon.colcon_core.package_identification:_identify(src/robot_sim_pkg) by extensions ['ros']
[0.852s] Level 1:colcon.colcon_core.package_identification:_identify(src/robot_sim_pkg) by extension 'ros'
[0.855s] DEBUG:colcon.colcon_core.package_identification:Package 'src/robot_sim_pkg' with type 'ros.ament_python' and name 'robot_sim_pkg'
[0.856s] Level 1:colcon.colcon_core.package_identification:_identify(src/state_estimator_pkg) by extensions ['ignore', 'ignore_ament_install']
[0.856s] Level 1:colcon.colcon_core.package_identification:_identify(src/state_estimator_pkg) by extension 'ignore'
[0.856s] Level 1:colcon.colcon_core.package_identification:_identify(src/state_estimator_pkg) by extension 'ignore_ament_install'
[0.856s] Level 1:colcon.colcon_core.package_identification:_identify(src/state_estimator_pkg) by extensions ['colcon_pkg']
[0.857s] Level 1:colcon.colcon_core.package_identification:_identify(src/state_estimator_pkg) by extension 'colcon_pkg'
[0.857s] Level 1:colcon.colcon_core.package_identification:_identify(src/state_estimator_pkg) by extensions ['colcon_meta']
[0.857s] Level 1:colcon.colcon_core.package_identification:_identify(src/state_estimator_pkg) by extension 'colcon_meta'
[0.857s] Level 1:colcon.colcon_core.package_identification:_identify(src/state_estimator_pkg) by extensions ['ros']
[0.857s] Level 1:colcon.colcon_core.package_identification:_identify(src/state_estimator_pkg) by extension 'ros'
[0.860s] DEBUG:colcon.colcon_core.package_identification:Package 'src/state_estimator_pkg' with type 'ros.ament_python' and name 'state_estimator_pkg'
[0.860s] Level 1:colcon.colcon_core.package_discovery:discover_packages(recursive) using defaults
[0.861s] Level 1:colcon.colcon_core.package_discovery:discover_packages(ignore) discover
[0.861s] Level 1:colcon.colcon_core.package_discovery:discover_packages(ignore) using defaults
[0.862s] Level 1:colcon.colcon_core.package_discovery:discover_packages(path) discover
[0.862s] Level 1:colcon.colcon_core.package_discovery:discover_packages(path) using defaults
[0.909s] Level 1:colcon.colcon_core.package_discovery:discover_packages(prefix_path) check parameters
[0.910s] Level 1:colcon.colcon_core.package_discovery:discover_packages(prefix_path) discover
[0.913s] DEBUG:colcon.colcon_installed_package_information.package_discovery:Found 3 installed packages in /home/james/ros2_projects/ros2-differential-drive-ekf/ros2_ws/install
[0.914s] DEBUG:colcon.colcon_installed_package_information.package_discovery:Found 0 installed packages in /home/james/ros2_ws/install
[0.917s] DEBUG:colcon.colcon_installed_package_information.package_discovery:Found 280 installed packages in /opt/ros/humble
[0.949s] Level 1:colcon.colcon_core.package_discovery:discover_packages(prefix_path) using defaults
[1.066s] Level 5:colcon.colcon_core.verb:set package 'bringup_pkg' build argument 'cmake_args' from command line to 'None'
[1.066s] Level 5:colcon.colcon_core.verb:set package 'bringup_pkg' build argument 'cmake_target' from command line to 'None'
[1.066s] Level 5:colcon.colcon_core.verb:set package 'bringup_pkg' build argument 'cmake_target_skip_unavailable' from command line to 'False'
[1.066s] Level 5:colcon.colcon_core.verb:set package 'bringup_pkg' build argument 'cmake_clean_cache' from command line to 'False'
[1.066s] Level 5:colcon.colcon_core.verb:set package 'bringup_pkg' build argument 'cmake_clean_first' from command line to 'False'
[1.066s] Level 5:colcon.colcon_core.verb:set package 'bringup_pkg' build argument 'cmake_force_configure' from command line to 'False'
[1.066s] Level 5:colcon.colcon_core.verb:set package 'bringup_pkg' build argument 'ament_cmake_args' from command line to 'None'
[1.066s] Level 5:colcon.colcon_core.verb:set package 'bringup_pkg' build argument 'catkin_cmake_args' from command line to 'None'
[1.066s] Level 5:colcon.colcon_core.verb:set package 'bringup_pkg' build argument 'catkin_skip_building_tests' from command line to 'False'
[1.066s] DEBUG:colcon.colcon_core.verb:Building package 'bringup_pkg' with the following arguments: {'ament_cmake_args': None, 'build_base': '/home/james/ros2_projects/ros2-differential-drive-ekf/ros2_ws/build/bringup_pkg', 'catkin_cmake_args': None, 'catkin_skip_building_tests': False, 'cmake_args': None, 'cmake_clean_cache': False, 'cmake_clean_first': False, 'cmake_force_configure': False, 'cmake_target': None, 'cmake_target_skip_unavailable': False, 'install_base': '/home/james/ros2_projects/ros2-differential-drive-ekf/ros2_ws/install/bringup_pkg', 'merge_install': False, 'path': '/home/james/ros2_projects/ros2-differential-drive-ekf/ros2_ws/src/bringup_pkg', 'symlink_install': False, 'test_result_base': None}
[1.067s] Level 5:colcon.colcon_core.verb:set package 'robot_sim_pkg' build argument 'cmake_args' from command line to 'None'
[1.067s] Level 5:colcon.colcon_core.verb:set package 'robot_sim_pkg' build argument 'cmake_target' from command line to 'None'
[1.067s] Level 5:colcon.colcon_core.verb:set package 'robot_sim_pkg' build argument 'cmake_target_skip_unavailable' from command line to 'False'
[1.067s] Level 5:colcon.colcon_core.verb:set package 'robot_sim_pkg' build argument 'cmake_clean_cache' from command line to 'False'
[1.067s] Level 5:colcon.colcon_core.verb:set package 'robot_sim_pkg' build argument 'cmake_clean_first' from command line to 'False'
[1.067s] Level 5:colcon.colcon_core.verb:set package 'robot_sim_pkg' build argument 'cmake_force_configure' from command line to 'False'
[1.067s] Level 5:colcon.colcon_core.verb:set package 'robot_sim_pkg' build argument 'ament_cmake_args' from command line to 'None'
[1.068s] Level 5:colcon.colcon_core.verb:set package 'robot_sim_pkg' build argument 'catkin_cmake_args' from command line to 'None'
[1.068s] Level 5:colcon.colcon_core.verb:set package 'robot_sim_pkg' build argument 'catkin_skip_building_tests' from command line to 'False'
[1.068s] DEBUG:colcon.colcon_core.verb:Building package 'robot_sim_pkg' with the following arguments: {'ament_cmake_args': None, 'build_base': '/home/james/ros2_projects/ros2-differential-drive-ekf/ros2_ws/build/robot_sim_pkg', 'catkin_cmake_args': None, 'catkin_skip_building_tests': False, 'cmake_args': None, 'cmake_clean_cache': False, 'cmake_clean_first': False, 'cmake_force_configure': False, 'cmake_target': None, 'cmake_target_skip_unavailable': False, 'install_base': '/home/james/ros2_projects/ros2-differential-drive-ekf/ros2_ws/install/robot_sim_pkg', 'merge_install': False, 'path': '/home/james/ros2_projects/ros2-differential-drive-ekf/ros2_ws/src/robot_sim_pkg', 'symlink_install': False, 'test_result_base': None}
[1.068s] Level 5:colcon.colcon_core.verb:set package 'state_estimator_pkg' build argument 'cmake_args' from command line to 'None'
[1.068s] Level 5:colcon.colcon_core.verb:set package 'state_estimator_pkg' build argument 'cmake_target' from command line to 'None'
[1.069s] Level 5:colcon.colcon_core.verb:set package 'state_estimator_pkg' build argument 'cmake_target_skip_unavailable' from command line to 'False'
[1.069s] Level 5:colcon.colcon_core.verb:set package 'state_estimator_pkg' build argument 'cmake_clean_cache' from command line to 'False'
[1.069s] Level 5:colcon.colcon_core.verb:set package 'state_estimator_pkg' build argument 'cmake_clean_first' from command line to 'False'
[1.069s] Level 5:colcon.colcon_core.verb:set package 'state_estimator_pkg' build argument 'cmake_force_configure' from command line to 'False'
[1.069s] Level 5:colcon.colcon_core.verb:set package 'state_estimator_pkg' build argument 'ament_cmake_args' from command line to 'None'
[1.069s] Level 5:colcon.colcon_core.verb:set package 'state_estimator_pkg' build argument 'catkin_cmake_args' from command line to 'None'
[1.069s] Level 5:colcon.colcon_core.verb:set package 'state_estimator_pkg' build argument 'catkin_skip_building_tests' from command line to 'False'
[1.069s] DEBUG:colcon.colcon_core.verb:Building package 'state_estimator_pkg' with the following arguments: {'ament_cmake_args': None, 'build_base': '/home/james/ros2_projects/ros2-differential-drive-ekf/ros2_ws/build/state_estimator_pkg', 'catkin_cmake_args': None, 'catkin_skip_building_tests': False, 'cmake_args': None, 'cmake_clean_cache': False, 'cmake_clean_first': False, 'cmake_force_configure': False, 'cmake_target': None, 'cmake_target_skip_unavailable': False, 'install_base': '/home/james/ros2_projects/ros2-differential-drive-ekf/ros2_ws/install/state_estimator_pkg', 'merge_install': False, 'path': '/home/james/ros2_projects/ros2-differential-drive-ekf/ros2_ws/src/state_estimator_pkg', 'symlink_install': False, 'test_result_base': None}
[1.069s] INFO:colcon.colcon_core.executor:Executing jobs using 'parallel' executor
[1.072s] DEBUG:colcon.colcon_parallel_executor.executor.parallel:run_until_complete
[1.073s] INFO:colcon.colcon_ros.task.ament_python.build:Building ROS package in '/home/james/ros2_projects/ros2-differential-drive-ekf/ros2_ws/src/bringup_pkg' with build type 'ament_python'
[1.074s] Level 1:colcon.colcon_core.shell:create_environment_hook('bringup_pkg', 'ament_prefix_path')
[1.081s] INFO:colcon.colcon_core.plugin_system:Skipping extension 'colcon_core.shell.bat': Not used on non-Windows systems
[1.082s] INFO:colcon.colcon_core.shell:Creating environment hook '/home/james/ros2_projects/ros2-differential-drive-ekf/ros2_ws/install/bringup_pkg/share/bringup_pkg/hook/ament_prefix_path.ps1'
[1.090s] INFO:colcon.colcon_core.shell:Creating environment descriptor '/home/james/ros2_projects/ros2-differential-drive-ekf/ros2_ws/install/bringup_pkg/share/bringup_pkg/hook/ament_prefix_path.dsv'
[1.093s] INFO:colcon.colcon_core.shell:Creating environment hook '/home/james/ros2_projects/ros2-differential-drive-ekf/ros2_ws/install/bringup_pkg/share/bringup_pkg/hook/ament_prefix_path.sh'
[1.096s] INFO:colcon.colcon_core.shell:Skip shell extension 'powershell' for command environment: Not usable outside of PowerShell
[1.096s] DEBUG:colcon.colcon_core.shell:Skip shell extension 'dsv' for command environment
[1.106s] INFO:colcon.colcon_ros.task.ament_python.build:Building ROS package in '/home/james/ros2_projects/ros2-differential-drive-ekf/ros2_ws/src/robot_sim_pkg' with build type 'ament_python'
[1.107s] Level 1:colcon.colcon_core.shell:create_environment_hook('robot_sim_pkg', 'ament_prefix_path')
[1.108s] INFO:colcon.colcon_core.shell:Creating environment hook '/home/james/ros2_projects/ros2-differential-drive-ekf/ros2_ws/install/robot_sim_pkg/share/robot_sim_pkg/hook/ament_prefix_path.ps1'
[1.111s] INFO:colcon.colcon_core.shell:Creating environment descriptor '/home/james/ros2_projects/ros2-differential-drive-ekf/ros2_ws/install/robot_sim_pkg/share/robot_sim_pkg/hook/ament_prefix_path.dsv'
[1.113s] INFO:colcon.colcon_core.shell:Creating environment hook '/home/james/ros2_projects/ros2-differential-drive-ekf/ros2_ws/install/robot_sim_pkg/share/robot_sim_pkg/hook/ament_prefix_path.sh'
[1.115s] INFO:colcon.colcon_core.shell:Skip shell extension 'powershell' for command environment: Not usable outside of PowerShell
[1.116s] DEBUG:colcon.colcon_core.shell:Skip shell extension 'dsv' for command environment
[1.122s] INFO:colcon.colcon_ros.task.ament_python.build:Building ROS package in '/home/james/ros2_projects/ros2-differential-drive-ekf/ros2_ws/src/state_estimator_pkg' with build type 'ament_python'
[1.123s] Level 1:colcon.colcon_core.shell:create_environment_hook('state_estimator_pkg', 'ament_prefix_path')
[1.124s] INFO:colcon.colcon_core.shell:Creating environment hook '/home/james/ros2_projects/ros2-differential-drive-ekf/ros2_ws/install/state_estimator_pkg/share/state_estimator_pkg/hook/ament_prefix_path.ps1'
[1.126s] INFO:colcon.colcon_core.shell:Creating environment descriptor '/home/james/ros2_projects/ros2-differential-drive-ekf/ros2_ws/install/state_estimator_pkg/share/state_estimator_pkg/hook/ament_prefix_path.dsv'
[1.127s] INFO:colcon.colcon_core.shell:Creating environment hook '/home/james/ros2_projects/ros2-differential-drive-ekf/ros2_ws/install/state_estimator_pkg/share/state_estimator_pkg/hook/ament_prefix_path.sh'
[1.130s] INFO:colcon.colcon_core.shell:Skip shell extension 'powershell' for command environment: Not usable outside of PowerShell
[1.131s] DEBUG:colcon.colcon_core.shell:Skip shell extension 'dsv' for command environment
[1.542s] INFO:colcon.colcon_core.task.python.build:Building Python package in '/home/james/ros2_projects/ros2-differential-drive-ekf/ros2_ws/src/bringup_pkg'
[1.543s] INFO:colcon.colcon_core.shell:Skip shell extension 'powershell' for command environment: Not usable outside of PowerShell
[1.543s] DEBUG:colcon.colcon_core.shell:Skip shell extension 'dsv' for command environment
[1.851s] INFO:colcon.colcon_core.task.python.build:Building Python package in '/home/james/ros2_projects/ros2-differential-drive-ekf/ros2_ws/src/robot_sim_pkg'
[1.852s] INFO:colcon.colcon_core.shell:Skip shell extension 'powershell' for command environment: Not usable outside of PowerShell
[1.852s] DEBUG:colcon.colcon_core.shell:Skip shell extension 'dsv' for command environment
[2.183s] INFO:colcon.colcon_core.task.python.build:Building Python package in '/home/james/ros2_projects/ros2-differential-drive-ekf/ros2_ws/src/state_estimator_pkg'
[2.184s] INFO:colcon.colcon_core.shell:Skip shell extension 'powershell' for command environment: Not usable outside of PowerShell
[2.184s] DEBUG:colcon.colcon_core.shell:Skip shell extension 'dsv' for command environment
[2.723s] DEBUG:colcon.colcon_core.event_handler.log_command:Invoking command in '/home/james/ros2_projects/ros2-differential-drive-ekf/ros2_ws/src/robot_sim_pkg': PYTHONPATH=/home/james/ros2_projects/ros2-differential-drive-ekf/ros2_ws/build/robot_sim_pkg/prefix_override:/usr/lib/python3/dist-packages/colcon_core/task/python/colcon_distutils_commands:/home/james/ros2_projects/ros2-differential-drive-ekf/ros2_ws/install/robot_sim_pkg/lib/python3.10/site-packages:${PYTHONPATH} /usr/bin/python3 -W ignore:setup.py install is deprecated -W ignore:easy_install command is deprecated setup.py egg_info --egg-base ../../build/robot_sim_pkg build --build-base /home/james/ros2_projects/ros2-differential-drive-ekf/ros2_ws/build/robot_sim_pkg/build install --record /home/james/ros2_projects/ros2-differential-drive-ekf/ros2_ws/build/robot_sim_pkg/install.log --single-version-externally-managed install_data
[2.738s] DEBUG:colcon.colcon_core.event_handler.log_command:Invoking command in '/home/james/ros2_projects/ros2-differential-drive-ekf/ros2_ws/src/state_estimator_pkg': PYTHONPATH=/home/james/ros2_projects/ros2-differential-drive-ekf/ros2_ws/build/state_estimator_pkg/prefix_override:/usr/lib/python3/dist-packages/colcon_core/task/python/colcon_distutils_commands:/home/james/ros2_projects/ros2-differential-drive-ekf/ros2_ws/install/state_estimator_pkg/lib/python3.10/site-packages:${PYTHONPATH} /usr/bin/python3 -W ignore:setup.py install is deprecated -W ignore:easy_install command is deprecated setup.py egg_info --egg-base ../../build/state_estimator_pkg build --build-base /home/james/ros2_projects/ros2-differential-drive-ekf/ros2_ws/build/state_estimator_pkg/build install --record /home/james/ros2_projects/ros2-differential-drive-ekf/ros2_ws/build/state_estimator_pkg/install.log --single-version-externally-managed install_data
[2.740s] DEBUG:colcon.colcon_core.event_handler.log_command:Invoking command in '/home/james/ros2_projects/ros2-differential-drive-ekf/ros2_ws/src/bringup_pkg': PYTHONPATH=/home/james/ros2_projects/ros2-differential-drive-ekf/ros2_ws/build/bringup_pkg/prefix_override:/usr/lib/python3/dist-packages/colcon_core/task/python/colcon_distutils_commands:/home/james/ros2_projects/ros2-differential-drive-ekf/ros2_ws/install/bringup_pkg/lib/python3.10/site-packages:${PYTHONPATH} /usr/bin/python3 -W ignore:setup.py install is deprecated -W ignore:easy_install command is deprecated setup.py egg_info --egg-base ../../build/bringup_pkg build --build-base /home/james/ros2_projects/ros2-differential-drive-ekf/ros2_ws/build/bringup_pkg/build install --record /home/james/ros2_projects/ros2-differential-drive-ekf/ros2_ws/build/bringup_pkg/install.log --single-version-externally-managed install_data
[3.045s] DEBUG:colcon.colcon_core.event_handler.log_command:Invoked command in '/home/james/ros2_projects/ros2-differential-drive-ekf/ros2_ws/src/state_estimator_pkg' returned '0': PYTHONPATH=/home/james/ros2_projects/ros2-differential-drive-ekf/ros2_ws/build/state_estimator_pkg/prefix_override:/usr/lib/python3/dist-packages/colcon_core/task/python/colcon_distutils_commands:/home/james/ros2_projects/ros2-differential-drive-ekf/ros2_ws/install/state_estimator_pkg/lib/python3.10/site-packages:${PYTHONPATH} /usr/bin/python3 -W ignore:setup.py install is deprecated -W ignore:easy_install command is deprecated setup.py egg_info --egg-base ../../build/state_estimator_pkg build --build-base /home/james/ros2_projects/ros2-differential-drive-ekf/ros2_ws/build/state_estimator_pkg/build install --record /home/james/ros2_projects/ros2-differential-drive-ekf/ros2_ws/build/state_estimator_pkg/install.log --single-version-externally-managed install_data
[3.048s] Level 1:colcon.colcon_core.environment:checking '/home/james/ros2_projects/ros2-differential-drive-ekf/ros2_ws/install/state_estimator_pkg' for CMake module files
[3.048s] Level 1:colcon.colcon_core.environment:checking '/home/james/ros2_projects/ros2-differential-drive-ekf/ros2_ws/install/state_estimator_pkg' for CMake config files
[3.049s] Level 1:colcon.colcon_core.environment:checking '/home/james/ros2_projects/ros2-differential-drive-ekf/ros2_ws/install/state_estimator_pkg/lib'
[3.050s] Level 1:colcon.colcon_core.environment:checking '/home/james/ros2_projects/ros2-differential-drive-ekf/ros2_ws/install/state_estimator_pkg/bin'
[3.050s] Level 1:colcon.colcon_core.environment:checking '/home/james/ros2_projects/ros2-differential-drive-ekf/ros2_ws/install/state_estimator_pkg/lib/pkgconfig/state_estimator_pkg.pc'
[3.050s] Level 1:colcon.colcon_core.environment:checking '/home/james/ros2_projects/ros2-differential-drive-ekf/ros2_ws/install/state_estimator_pkg/lib/python3.10/site-packages'
[3.050s] Level 1:colcon.colcon_core.shell:create_environment_hook('state_estimator_pkg', 'pythonpath')
[3.050s] INFO:colcon.colcon_core.shell:Creating environment hook '/home/james/ros2_projects/ros2-differential-drive-ekf/ros2_ws/install/state_estimator_pkg/share/state_estimator_pkg/hook/pythonpath.ps1'
[3.051s] INFO:colcon.colcon_core.shell:Creating environment descriptor '/home/james/ros2_projects/ros2-differential-drive-ekf/ros2_ws/install/state_estimator_pkg/share/state_estimator_pkg/hook/pythonpath.dsv'
[3.052s] INFO:colcon.colcon_core.shell:Creating environment hook '/home/james/ros2_projects/ros2-differential-drive-ekf/ros2_ws/install/state_estimator_pkg/share/state_estimator_pkg/hook/pythonpath.sh'
[3.053s] Level 1:colcon.colcon_core.environment:checking '/home/james/ros2_projects/ros2-differential-drive-ekf/ros2_ws/install/state_estimator_pkg/bin'
[3.053s] Level 1:colcon.colcon_core.environment:create_environment_scripts_only(state_estimator_pkg)
[3.053s] INFO:colcon.colcon_core.shell:Creating package script '/home/james/ros2_projects/ros2-differential-drive-ekf/ros2_ws/install/state_estimator_pkg/share/state_estimator_pkg/package.ps1'
[3.054s] INFO:colcon.colcon_core.shell:Creating package descriptor '/home/james/ros2_projects/ros2-differential-drive-ekf/ros2_ws/install/state_estimator_pkg/share/state_estimator_pkg/package.dsv'
[3.055s] INFO:colcon.colcon_core.shell:Creating package script '/home/james/ros2_projects/ros2-differential-drive-ekf/ros2_ws/install/state_estimator_pkg/share/state_estimator_pkg/package.sh'
[3.055s] INFO:colcon.colcon_core.shell:Creating package script '/home/james/ros2_projects/ros2-differential-drive-ekf/ros2_ws/install/state_estimator_pkg/share/state_estimator_pkg/package.bash'
[3.056s] INFO:colcon.colcon_core.shell:Creating package script '/home/james/ros2_projects/ros2-differential-drive-ekf/ros2_ws/install/state_estimator_pkg/share/state_estimator_pkg/package.zsh'
[3.057s] Level 1:colcon.colcon_core.environment:create_file_with_runtime_dependencies(/home/james/ros2_projects/ros2-differential-drive-ekf/ros2_ws/install/state_estimator_pkg/share/colcon-core/packages/state_estimator_pkg)
[3.061s] Level 1:colcon.colcon_core.environment:checking '/home/james/ros2_projects/ros2-differential-drive-ekf/ros2_ws/install/bringup_pkg' for CMake module files
[3.063s] DEBUG:colcon.colcon_core.event_handler.log_command:Invoked command in '/home/james/ros2_projects/ros2-differential-drive-ekf/ros2_ws/src/bringup_pkg' returned '0': PYTHONPATH=/home/james/ros2_projects/ros2-differential-drive-ekf/ros2_ws/build/bringup_pkg/prefix_override:/usr/lib/python3/dist-packages/colcon_core/task/python/colcon_distutils_commands:/home/james/ros2_projects/ros2-differential-drive-ekf/ros2_ws/install/bringup_pkg/lib/python3.10/site-packages:${PYTHONPATH} /usr/bin/python3 -W ignore:setup.py install is deprecated -W ignore:easy_install command is deprecated setup.py egg_info --egg-base ../../build/bringup_pkg build --build-base /home/james/ros2_projects/ros2-differential-drive-ekf/ros2_ws/build/bringup_pkg/build install --record /home/james/ros2_projects/ros2-differential-drive-ekf/ros2_ws/build/bringup_pkg/install.log --single-version-externally-managed install_data
[3.063s] Level 1:colcon.colcon_core.environment:checking '/home/james/ros2_projects/ros2-differential-drive-ekf/ros2_ws/install/bringup_pkg' for CMake config files
[3.064s] Level 1:colcon.colcon_core.environment:checking '/home/james/ros2_projects/ros2-differential-drive-ekf/ros2_ws/install/bringup_pkg/lib'
[3.064s] Level 1:colcon.colcon_core.environment:checking '/home/james/ros2_projects/ros2-differential-drive-ekf/ros2_ws/install/bringup_pkg/bin'
[3.064s] Level 1:colcon.colcon_core.environment:checking '/home/james/ros2_projects/ros2-differential-drive-ekf/ros2_ws/install/bringup_pkg/lib/pkgconfig/bringup_pkg.pc'
[3.064s] Level 1:colcon.colcon_core.environment:checking '/home/james/ros2_projects/ros2-differential-drive-ekf/ros2_ws/install/bringup_pkg/lib/python3.10/site-packages'
[3.064s] Level 1:colcon.colcon_core.shell:create_environment_hook('bringup_pkg', 'pythonpath')
[3.065s] INFO:colcon.colcon_core.shell:Creating environment hook '/home/james/ros2_projects/ros2-differential-drive-ekf/ros2_ws/install/bringup_pkg/share/bringup_pkg/hook/pythonpath.ps1'
[3.065s] INFO:colcon.colcon_core.shell:Creating environment descriptor '/home/james/ros2_projects/ros2-differential-drive-ekf/ros2_ws/install/bringup_pkg/share/bringup_pkg/hook/pythonpath.dsv'
[3.066s] INFO:colcon.colcon_core.shell:Creating environment hook '/home/james/ros2_projects/ros2-differential-drive-ekf/ros2_ws/install/bringup_pkg/share/bringup_pkg/hook/pythonpath.sh'
[3.067s] Level 1:colcon.colcon_core.environment:checking '/home/james/ros2_projects/ros2-differential-drive-ekf/ros2_ws/install/bringup_pkg/bin'
[3.067s] Level 1:colcon.colcon_core.environment:create_environment_scripts_only(bringup_pkg)
[3.067s] INFO:colcon.colcon_core.shell:Creating package script '/home/james/ros2_projects/ros2-differential-drive-ekf/ros2_ws/install/bringup_pkg/share/bringup_pkg/package.ps1'
[3.068s] INFO:colcon.colcon_core.shell:Creating package descriptor '/home/james/ros2_projects/ros2-differential-drive-ekf/ros2_ws/install/bringup_pkg/share/bringup_pkg/package.dsv'
[3.068s] INFO:colcon.colcon_core.shell:Creating package script '/home/james/ros2_projects/ros2-differential-drive-ekf/ros2_ws/install/bringup_pkg/share/bringup_pkg/package.sh'
[3.069s] INFO:colcon.colcon_core.shell:Creating package script '/home/james/ros2_projects/ros2-differential-drive-ekf/ros2_ws/install/bringup_pkg/share/bringup_pkg/package.bash'
[3.069s] INFO:colcon.colcon_core.shell:Creating package script '/home/james/ros2_projects/ros2-differential-drive-ekf/ros2_ws/install/bringup_pkg/share/bringup_pkg/package.zsh'
[3.070s] Level 1:colcon.colcon_core.environment:create_file_with_runtime_dependencies(/home/james/ros2_projects/ros2-differential-drive-ekf/ros2_ws/install/bringup_pkg/share/colcon-core/packages/bringup_pkg)
[3.071s] Level 1:colcon.colcon_core.environment:checking '/home/james/ros2_projects/ros2-differential-drive-ekf/ros2_ws/install/robot_sim_pkg' for CMake module files
[3.072s] Level 1:colcon.colcon_core.environment:checking '/home/james/ros2_projects/ros2-differential-drive-ekf/ros2_ws/install/robot_sim_pkg' for CMake config files
[3.073s] DEBUG:colcon.colcon_core.event_handler.log_command:Invoked command in '/home/james/ros2_projects/ros2-differential-drive-ekf/ros2_ws/src/robot_sim_pkg' returned '0': PYTHONPATH=/home/james/ros2_projects/ros2-differential-drive-ekf/ros2_ws/build/robot_sim_pkg/prefix_override:/usr/lib/python3/dist-packages/colcon_core/task/python/colcon_distutils_commands:/home/james/ros2_projects/ros2-differential-drive-ekf/ros2_ws/install/robot_sim_pkg/lib/python3.10/site-packages:${PYTHONPATH} /usr/bin/python3 -W ignore:setup.py install is deprecated -W ignore:easy_install command is deprecated setup.py egg_info --egg-base ../../build/robot_sim_pkg build --build-base /home/james/ros2_projects/ros2-differential-drive-ekf/ros2_ws/build/robot_sim_pkg/build install --record /home/james/ros2_projects/ros2-differential-drive-ekf/ros2_ws/build/robot_sim_pkg/install.log --single-version-externally-managed install_data
[3.074s] Level 1:colcon.colcon_core.environment:checking '/home/james/ros2_projects/ros2-differential-drive-ekf/ros2_ws/install/robot_sim_pkg/lib'
[3.074s] Level 1:colcon.colcon_core.environment:checking '/home/james/ros2_projects/ros2-differential-drive-ekf/ros2_ws/install/robot_sim_pkg/bin'
[3.074s] Level 1:colcon.colcon_core.environment:checking '/home/james/ros2_projects/ros2-differential-drive-ekf/ros2_ws/install/robot_sim_pkg/lib/pkgconfig/robot_sim_pkg.pc'
[3.075s] Level 1:colcon.colcon_core.environment:checking '/home/james/ros2_projects/ros2-differential-drive-ekf/ros2_ws/install/robot_sim_pkg/lib/python3.10/site-packages'
[3.075s] Level 1:colcon.colcon_core.shell:create_environment_hook('robot_sim_pkg', 'pythonpath')
[3.076s] INFO:colcon.colcon_core.shell:Creating environment hook '/home/james/ros2_projects/ros2-differential-drive-ekf/ros2_ws/install/robot_sim_pkg/share/robot_sim_pkg/hook/pythonpath.ps1'
[3.076s] INFO:colcon.colcon_core.shell:Creating environment descriptor '/home/james/ros2_projects/ros2-differential-drive-ekf/ros2_ws/install/robot_sim_pkg/share/robot_sim_pkg/hook/pythonpath.dsv'
[3.077s] INFO:colcon.colcon_core.shell:Creating environment hook '/home/james/ros2_projects/ros2-differential-drive-ekf/ros2_ws/install/robot_sim_pkg/share/robot_sim_pkg/hook/pythonpath.sh'
[3.078s] Level 1:colcon.colcon_core.environment:checking '/home/james/ros2_projects/ros2-differential-drive-ekf/ros2_ws/install/robot_sim_pkg/bin'
[3.078s] Level 1:colcon.colcon_core.environment:create_environment_scripts_only(robot_sim_pkg)
[3.078s] INFO:colcon.colcon_core.shell:Creating package script '/home/james/ros2_projects/ros2-differential-drive-ekf/ros2_ws/install/robot_sim_pkg/share/robot_sim_pkg/package.ps1'
[3.079s] INFO:colcon.colcon_core.shell:Creating package descriptor '/home/james/ros2_projects/ros2-differential-drive-ekf/ros2_ws/install/robot_sim_pkg/share/robot_sim_pkg/package.dsv'
[3.079s] INFO:colcon.colcon_core.shell:Creating package script '/home/james/ros2_projects/ros2-differential-drive-ekf/ros2_ws/install/robot_sim_pkg/share/robot_sim_pkg/package.sh'
[3.080s] INFO:colcon.colcon_core.shell:Creating package script '/home/james/ros2_projects/ros2-differential-drive-ekf/ros2_ws/install/robot_sim_pkg/share/robot_sim_pkg/package.bash'
[3.082s] INFO:colcon.colcon_core.shell:Creating package script '/home/james/ros2_projects/ros2-differential-drive-ekf/ros2_ws/install/robot_sim_pkg/share/robot_sim_pkg/package.zsh'
[3.082s] Level 1:colcon.colcon_core.environment:create_file_with_runtime_dependencies(/home/james/ros2_projects/ros2-differential-drive-ekf/ros2_ws/install/robot_sim_pkg/share/colcon-core/packages/robot_sim_pkg)
[3.083s] DEBUG:colcon.colcon_parallel_executor.executor.parallel:closing loop
[3.085s] DEBUG:colcon.colcon_parallel_executor.executor.parallel:loop closed
[3.085s] DEBUG:colcon.colcon_parallel_executor.executor.parallel:run_until_complete finished with '0'
[3.085s] DEBUG:colcon.colcon_core.event_reactor:joining thread
[3.158s] INFO:colcon.colcon_core.plugin_system:Skipping extension 'colcon_notification.desktop_notification.notify_send': Could not find 'notify-send'
[3.158s] INFO:colcon.colcon_core.plugin_system:Skipping extension 'colcon_notification.desktop_notification.terminal_notifier': Not used on non-Darwin systems
[3.158s] INFO:colcon.colcon_core.plugin_system:Skipping extension 'colcon_notification.desktop_notification.win32': Not used on non-Windows systems
[3.158s] INFO:colcon.colcon_notification.desktop_notification:Sending desktop notification using 'notify2'
[3.159s] DEBUG:colcon.colcon_notification.desktop_notification.notify2:Failed to initialize notify2: org.freedesktop.DBus.Error.FileNotFound: Failed to connect to socket /run/user/1000/bus: No such file or directory
[3.159s] DEBUG:colcon.colcon_core.event_reactor:joined thread
[3.159s] INFO:colcon.colcon_core.shell:Creating prefix script '/home/james/ros2_projects/ros2-differential-drive-ekf/ros2_ws/install/local_setup.ps1'
[3.161s] INFO:colcon.colcon_core.shell:Creating prefix util module '/home/james/ros2_projects/ros2-differential-drive-ekf/ros2_ws/install/_local_setup_util_ps1.py'
[3.162s] INFO:colcon.colcon_core.shell:Creating prefix chain script '/home/james/ros2_projects/ros2-differential-drive-ekf/ros2_ws/install/setup.ps1'
[3.163s] INFO:colcon.colcon_core.shell:Creating prefix script '/home/james/ros2_projects/ros2-differential-drive-ekf/ros2_ws/install/local_setup.sh'
[3.164s] INFO:colcon.colcon_core.shell:Creating prefix util module '/home/james/ros2_projects/ros2-differential-drive-ekf/ros2_ws/install/_local_setup_util_sh.py'
[3.165s] INFO:colcon.colcon_core.shell:Creating prefix chain script '/home/james/ros2_projects/ros2-differential-drive-ekf/ros2_ws/install/setup.sh'
[3.166s] INFO:colcon.colcon_core.shell:Creating prefix script '/home/james/ros2_projects/ros2-differential-drive-ekf/ros2_ws/install/local_setup.bash'
[3.166s] INFO:colcon.colcon_core.shell:Creating prefix chain script '/home/james/ros2_projects/ros2-differential-drive-ekf/ros2_ws/install/setup.bash'
[3.167s] INFO:colcon.colcon_core.shell:Creating prefix script '/home/james/ros2_projects/ros2-differential-drive-ekf/ros2_ws/install/local_setup.zsh'
[3.168s] INFO:colcon.colcon_core.shell:Creating prefix chain script '/home/james/ros2_projects/ros2-differential-drive-ekf/ros2_ws/install/setup.zsh'
