running egg_info
creating ../../build/state_estimator_pkg/state_estimator_pkg.egg-info
writing ../../build/state_estimator_pkg/state_estimator_pkg.egg-info/PKG-INFO
writing dependency_links to ../../build/state_estimator_pkg/state_estimator_pkg.egg-info/dependency_links.txt
writing entry points to ../../build/state_estimator_pkg/state_estimator_pkg.egg-info/entry_points.txt
writing requirements to ../../build/state_estimator_pkg/state_estimator_pkg.egg-info/requires.txt
writing top-level names to ../../build/state_estimator_pkg/state_estimator_pkg.egg-info/top_level.txt
writing manifest file '../../build/state_estimator_pkg/state_estimator_pkg.egg-info/SOURCES.txt'
reading manifest file '../../build/state_estimator_pkg/state_estimator_pkg.egg-info/SOURCES.txt'
writing manifest file '../../build/state_estimator_pkg/state_estimator_pkg.egg-info/SOURCES.txt'
running build
running build_py
creating /home/james/ros2_projects/ros2-differential-drive-ekf/ros2_ws/build/state_estimator_pkg/build
creating /home/james/ros2_projects/ros2-differential-drive-ekf/ros2_ws/build/state_estimator_pkg/build/lib
creating /home/james/ros2_projects/ros2-differential-drive-ekf/ros2_ws/build/state_estimator_pkg/build/lib/state_estimator_pkg
copying state_estimator_pkg/__init__.py -> /home/james/ros2_projects/ros2-differential-drive-ekf/ros2_ws/build/state_estimator_pkg/build/lib/state_estimator_pkg
running install
running install_lib
creating /home/james/ros2_projects/ros2-differential-drive-ekf/ros2_ws/install/state_estimator_pkg/lib/python3.10/site-packages/state_estimator_pkg
copying /home/james/ros2_projects/ros2-differential-drive-ekf/ros2_ws/build/state_estimator_pkg/build/lib/state_estimator_pkg/__init__.py -> /home/james/ros2_projects/ros2-differential-drive-ekf/ros2_ws/install/state_estimator_pkg/lib/python3.10/site-packages/state_estimator_pkg
byte-compiling /home/james/ros2_projects/ros2-differential-drive-ekf/ros2_ws/install/state_estimator_pkg/lib/python3.10/site-packages/state_estimator_pkg/__init__.py to __init__.cpython-310.pyc
running install_data
creating /home/james/ros2_projects/ros2-differential-drive-ekf/ros2_ws/install/state_estimator_pkg/share/ament_index
creating /home/james/ros2_projects/ros2-differential-drive-ekf/ros2_ws/install/state_estimator_pkg/share/ament_index/resource_index
creating /home/james/ros2_projects/ros2-differential-drive-ekf/ros2_ws/install/state_estimator_pkg/share/ament_index/resource_index/packages
copying resource/state_estimator_pkg -> /home/james/ros2_projects/ros2-differential-drive-ekf/ros2_ws/install/state_estimator_pkg/share/ament_index/resource_index/packages
copying package.xml -> /home/james/ros2_projects/ros2-differential-drive-ekf/ros2_ws/install/state_estimator_pkg/share/state_estimator_pkg
running install_egg_info
Copying ../../build/state_estimator_pkg/state_estimator_pkg.egg-info to /home/james/ros2_projects/ros2-differential-drive-ekf/ros2_ws/install/state_estimator_pkg/lib/python3.10/site-packages/state_estimator_pkg-0.0.0-py3.10.egg-info
running install_scripts
writing list of installed files to '/home/james/ros2_projects/ros2-differential-drive-ekf/ros2_ws/build/state_estimator_pkg/install.log'
