[1.751s] Invoking command in '/home/james/ros2_projects/ros2-differential-drive-ekf/ros2_ws/src/state_estimator_pkg': PYTHONPATH=/home/james/ros2_projects/ros2-differential-drive-ekf/ros2_ws/build/state_estimator_pkg/prefix_override:/usr/lib/python3/dist-packages/colcon_core/task/python/colcon_distutils_commands:/home/james/ros2_projects/ros2-differential-drive-ekf/ros2_ws/install/state_estimator_pkg/lib/python3.10/site-packages:${PYTHONPATH} /usr/bin/python3 -W ignore:setup.py install is deprecated -W ignore:easy_install command is deprecated setup.py egg_info --egg-base ../../build/state_estimator_pkg build --build-base /home/james/ros2_projects/ros2-differential-drive-ekf/ros2_ws/build/state_estimator_pkg/build install --record /home/james/ros2_projects/ros2-differential-drive-ekf/ros2_ws/build/state_estimator_pkg/install.log --single-version-externally-managed install_data
[2.088s] running egg_info
[2.088s] creating ../../build/state_estimator_pkg/state_estimator_pkg.egg-info
[2.089s] writing ../../build/state_estimator_pkg/state_estimator_pkg.egg-info/PKG-INFO
[2.089s] writing dependency_links to ../../build/state_estimator_pkg/state_estimator_pkg.egg-info/dependency_links.txt
[2.090s] writing entry points to ../../build/state_estimator_pkg/state_estimator_pkg.egg-info/entry_points.txt
[2.091s] writing requirements to ../../build/state_estimator_pkg/state_estimator_pkg.egg-info/requires.txt
[2.091s] writing top-level names to ../../build/state_estimator_pkg/state_estimator_pkg.egg-info/top_level.txt
[2.091s] writing manifest file '../../build/state_estimator_pkg/state_estimator_pkg.egg-info/SOURCES.txt'
[2.093s] reading manifest file '../../build/state_estimator_pkg/state_estimator_pkg.egg-info/SOURCES.txt'
[2.095s] writing manifest file '../../build/state_estimator_pkg/state_estimator_pkg.egg-info/SOURCES.txt'
[2.107s] running build
[2.108s] running build_py
[2.109s] creating /home/james/ros2_projects/ros2-differential-drive-ekf/ros2_ws/build/state_estimator_pkg/build
[2.111s] creating /home/james/ros2_projects/ros2-differential-drive-ekf/ros2_ws/build/state_estimator_pkg/build/lib
[2.111s] creating /home/james/ros2_projects/ros2-differential-drive-ekf/ros2_ws/build/state_estimator_pkg/build/lib/state_estimator_pkg
[2.111s] copying state_estimator_pkg/__init__.py -> /home/james/ros2_projects/ros2-differential-drive-ekf/ros2_ws/build/state_estimator_pkg/build/lib/state_estimator_pkg
[2.113s] running install
[2.116s] running install_lib
[2.117s] creating /home/james/ros2_projects/ros2-differential-drive-ekf/ros2_ws/install/state_estimator_pkg/lib/python3.10/site-packages/state_estimator_pkg
[2.118s] copying /home/james/ros2_projects/ros2-differential-drive-ekf/ros2_ws/build/state_estimator_pkg/build/lib/state_estimator_pkg/__init__.py -> /home/james/ros2_projects/ros2-differential-drive-ekf/ros2_ws/install/state_estimator_pkg/lib/python3.10/site-packages/state_estimator_pkg
[2.120s] byte-compiling /home/james/ros2_projects/ros2-differential-drive-ekf/ros2_ws/install/state_estimator_pkg/lib/python3.10/site-packages/state_estimator_pkg/__init__.py to __init__.cpython-310.pyc
[2.121s] running install_data
[2.123s] creating /home/james/ros2_projects/ros2-differential-drive-ekf/ros2_ws/install/state_estimator_pkg/share/ament_index
[2.123s] creating /home/james/ros2_projects/ros2-differential-drive-ekf/ros2_ws/install/state_estimator_pkg/share/ament_index/resource_index
[2.123s] creating /home/james/ros2_projects/ros2-differential-drive-ekf/ros2_ws/install/state_estimator_pkg/share/ament_index/resource_index/packages
[2.123s] copying resource/state_estimator_pkg -> /home/james/ros2_projects/ros2-differential-drive-ekf/ros2_ws/install/state_estimator_pkg/share/ament_index/resource_index/packages
[2.123s] copying package.xml -> /home/james/ros2_projects/ros2-differential-drive-ekf/ros2_ws/install/state_estimator_pkg/share/state_estimator_pkg
[2.123s] running install_egg_info
[2.124s] Copying ../../build/state_estimator_pkg/state_estimator_pkg.egg-info to /home/james/ros2_projects/ros2-differential-drive-ekf/ros2_ws/install/state_estimator_pkg/lib/python3.10/site-packages/state_estimator_pkg-0.0.0-py3.10.egg-info
[2.124s] running install_scripts
[2.142s] writing list of installed files to '/home/james/ros2_projects/ros2-differential-drive-ekf/ros2_ws/build/state_estimator_pkg/install.log'
[2.182s] Invoked command in '/home/james/ros2_projects/ros2-differential-drive-ekf/ros2_ws/src/state_estimator_pkg' returned '0': PYTHONPATH=/home/james/ros2_projects/ros2-differential-drive-ekf/ros2_ws/build/state_estimator_pkg/prefix_override:/usr/lib/python3/dist-packages/colcon_core/task/python/colcon_distutils_commands:/home/james/ros2_projects/ros2-differential-drive-ekf/ros2_ws/install/state_estimator_pkg/lib/python3.10/site-packages:${PYTHONPATH} /usr/bin/python3 -W ignore:setup.py install is deprecated -W ignore:easy_install command is deprecated setup.py egg_info --egg-base ../../build/state_estimator_pkg build --build-base /home/james/ros2_projects/ros2-differential-drive-ekf/ros2_ws/build/state_estimator_pkg/build install --record /home/james/ros2_projects/ros2-differential-drive-ekf/ros2_ws/build/state_estimator_pkg/install.log --single-version-externally-managed install_data
