[30.035s] Invoking command in '/home/james/ros2_projects/ros2-differential-drive-ekf/ros2_ws/src/state_estimator_pkg': PYTHONPATH=/home/james/ros2_projects/ros2-differential-drive-ekf/ros2_ws/build/state_estimator_pkg/prefix_override:/usr/lib/python3/dist-packages/colcon_core/task/python/colcon_distutils_commands:/home/james/ros2_projects/ros2-differential-drive-ekf/ros2_ws/install/state_estimator_pkg/lib/python3.10/site-packages:${PYTHONPATH} /usr/bin/python3 -W ignore:setup.py install is deprecated -W ignore:easy_install command is deprecated setup.py egg_info --egg-base ../../build/state_estimator_pkg build --build-base /home/james/ros2_projects/ros2-differential-drive-ekf/ros2_ws/build/state_estimator_pkg/build install --record /home/james/ros2_projects/ros2-differential-drive-ekf/ros2_ws/build/state_estimator_pkg/install.log --single-version-externally-managed install_data
[30.493s] running egg_info
[30.495s] writing ../../build/state_estimator_pkg/state_estimator_pkg.egg-info/PKG-INFO
[30.499s] writing dependency_links to ../../build/state_estimator_pkg/state_estimator_pkg.egg-info/dependency_links.txt
[30.500s] writing entry points to ../../build/state_estimator_pkg/state_estimator_pkg.egg-info/entry_points.txt
[30.502s] writing requirements to ../../build/state_estimator_pkg/state_estimator_pkg.egg-info/requires.txt
[30.503s] writing top-level names to ../../build/state_estimator_pkg/state_estimator_pkg.egg-info/top_level.txt
[30.510s] reading manifest file '../../build/state_estimator_pkg/state_estimator_pkg.egg-info/SOURCES.txt'
[30.512s] writing manifest file '../../build/state_estimator_pkg/state_estimator_pkg.egg-info/SOURCES.txt'
[30.513s] running build
[30.514s] running build_py
[30.514s] copying state_estimator_pkg/ekf_node.py -> /home/james/ros2_projects/ros2-differential-drive-ekf/ros2_ws/build/state_estimator_pkg/build/lib/state_estimator_pkg
[30.516s] running install
[30.516s] running install_lib
[30.520s] copying /home/james/ros2_projects/ros2-differential-drive-ekf/ros2_ws/build/state_estimator_pkg/build/lib/state_estimator_pkg/ekf_node.py -> /home/james/ros2_projects/ros2-differential-drive-ekf/ros2_ws/install/state_estimator_pkg/lib/python3.10/site-packages/state_estimator_pkg
[30.523s] byte-compiling /home/james/ros2_projects/ros2-differential-drive-ekf/ros2_ws/install/state_estimator_pkg/lib/python3.10/site-packages/state_estimator_pkg/ekf_node.py to ekf_node.cpython-310.pyc
[30.527s] running install_data
[30.529s] copying package.xml -> /home/james/ros2_projects/ros2-differential-drive-ekf/ros2_ws/install/state_estimator_pkg/share/state_estimator_pkg
[30.529s] running install_egg_info
[30.533s] removing '/home/james/ros2_projects/ros2-differential-drive-ekf/ros2_ws/install/state_estimator_pkg/lib/python3.10/site-packages/state_estimator_pkg-0.0.0-py3.10.egg-info' (and everything under it)
[30.534s] Copying ../../build/state_estimator_pkg/state_estimator_pkg.egg-info to /home/james/ros2_projects/ros2-differential-drive-ekf/ros2_ws/install/state_estimator_pkg/lib/python3.10/site-packages/state_estimator_pkg-0.0.0-py3.10.egg-info
[30.539s] running install_scripts
[30.592s] Installing ekf_node script to /home/james/ros2_projects/ros2-differential-drive-ekf/ros2_ws/install/state_estimator_pkg/lib/state_estimator_pkg
[30.593s] writing list of installed files to '/home/james/ros2_projects/ros2-differential-drive-ekf/ros2_ws/build/state_estimator_pkg/install.log'
[60.047s] Invoked command in '/home/james/ros2_projects/ros2-differential-drive-ekf/ros2_ws/src/state_estimator_pkg' returned '0': PYTHONPATH=/home/james/ros2_projects/ros2-differential-drive-ekf/ros2_ws/build/state_estimator_pkg/prefix_override:/usr/lib/python3/dist-packages/colcon_core/task/python/colcon_distutils_commands:/home/james/ros2_projects/ros2-differential-drive-ekf/ros2_ws/install/state_estimator_pkg/lib/python3.10/site-packages:${PYTHONPATH} /usr/bin/python3 -W ignore:setup.py install is deprecated -W ignore:easy_install command is deprecated setup.py egg_info --egg-base ../../build/state_estimator_pkg build --build-base /home/james/ros2_projects/ros2-differential-drive-ekf/ros2_ws/build/state_estimator_pkg/build install --record /home/james/ros2_projects/ros2-differential-drive-ekf/ros2_ws/build/state_estimator_pkg/install.log --single-version-externally-managed install_data
