[0.706s] Invoking command in '/home/james/ros2_projects/ros2-differential-drive-ekf/ros2_ws/src/state_estimator_pkg': PYTHONPATH=/home/james/ros2_projects/ros2-differential-drive-ekf/ros2_ws/build/state_estimator_pkg/prefix_override:/usr/lib/python3/dist-packages/colcon_core/task/python/colcon_distutils_commands:/home/james/ros2_projects/ros2-differential-drive-ekf/ros2_ws/install/state_estimator_pkg/lib/python3.10/site-packages:${PYTHONPATH} /usr/bin/python3 -W ignore:setup.py install is deprecated -W ignore:easy_install command is deprecated setup.py egg_info --egg-base ../../build/state_estimator_pkg build --build-base /home/james/ros2_projects/ros2-differential-drive-ekf/ros2_ws/build/state_estimator_pkg/build install --record /home/james/ros2_projects/ros2-differential-drive-ekf/ros2_ws/build/state_estimator_pkg/install.log --single-version-externally-managed install_data
[0.974s] running egg_info
[0.975s] writing ../../build/state_estimator_pkg/state_estimator_pkg.egg-info/PKG-INFO
[0.975s] writing dependency_links to ../../build/state_estimator_pkg/state_estimator_pkg.egg-info/dependency_links.txt
[0.978s] writing entry points to ../../build/state_estimator_pkg/state_estimator_pkg.egg-info/entry_points.txt
[0.978s] writing requirements to ../../build/state_estimator_pkg/state_estimator_pkg.egg-info/requires.txt
[0.979s] writing top-level names to ../../build/state_estimator_pkg/state_estimator_pkg.egg-info/top_level.txt
[0.984s] reading manifest file '../../build/state_estimator_pkg/state_estimator_pkg.egg-info/SOURCES.txt'
[0.987s] writing manifest file '../../build/state_estimator_pkg/state_estimator_pkg.egg-info/SOURCES.txt'
[0.987s] running build
[0.988s] running build_py
[0.988s] copying state_estimator_pkg/ekf_node.py -> /home/james/ros2_projects/ros2-differential-drive-ekf/ros2_ws/build/state_estimator_pkg/build/lib/state_estimator_pkg
[0.988s] running install
[0.989s] running install_lib
[0.990s] copying /home/james/ros2_projects/ros2-differential-drive-ekf/ros2_ws/build/state_estimator_pkg/build/lib/state_estimator_pkg/ekf_node.py -> /home/james/ros2_projects/ros2-differential-drive-ekf/ros2_ws/install/state_estimator_pkg/lib/python3.10/site-packages/state_estimator_pkg
[0.991s] byte-compiling /home/james/ros2_projects/ros2-differential-drive-ekf/ros2_ws/install/state_estimator_pkg/lib/python3.10/site-packages/state_estimator_pkg/ekf_node.py to ekf_node.cpython-310.pyc
[0.993s] running install_data
[0.994s] running install_egg_info
[0.997s] removing '/home/james/ros2_projects/ros2-differential-drive-ekf/ros2_ws/install/state_estimator_pkg/lib/python3.10/site-packages/state_estimator_pkg-0.0.0-py3.10.egg-info' (and everything under it)
[0.999s] Copying ../../build/state_estimator_pkg/state_estimator_pkg.egg-info to /home/james/ros2_projects/ros2-differential-drive-ekf/ros2_ws/install/state_estimator_pkg/lib/python3.10/site-packages/state_estimator_pkg-0.0.0-py3.10.egg-info
[1.001s] running install_scripts
[1.031s] Installing ekf_node script to /home/james/ros2_projects/ros2-differential-drive-ekf/ros2_ws/install/state_estimator_pkg/lib/state_estimator_pkg
[1.031s] writing list of installed files to '/home/james/ros2_projects/ros2-differential-drive-ekf/ros2_ws/build/state_estimator_pkg/install.log'
[1.075s] Invoked command in '/home/james/ros2_projects/ros2-differential-drive-ekf/ros2_ws/src/state_estimator_pkg' returned '0': PYTHONPATH=/home/james/ros2_projects/ros2-differential-drive-ekf/ros2_ws/build/state_estimator_pkg/prefix_override:/usr/lib/python3/dist-packages/colcon_core/task/python/colcon_distutils_commands:/home/james/ros2_projects/ros2-differential-drive-ekf/ros2_ws/install/state_estimator_pkg/lib/python3.10/site-packages:${PYTHONPATH} /usr/bin/python3 -W ignore:setup.py install is deprecated -W ignore:easy_install command is deprecated setup.py egg_info --egg-base ../../build/state_estimator_pkg build --build-base /home/james/ros2_projects/ros2-differential-drive-ekf/ros2_ws/build/state_estimator_pkg/build install --record /home/james/ros2_projects/ros2-differential-drive-ekf/ros2_ws/build/state_estimator_pkg/install.log --single-version-externally-managed install_data
