[0.444s] DEBUG:colcon:Command line arguments: ['/usr/bin/colcon', 'build']
[0.444s] DEBUG:colcon:Parsed command line arguments: Namespace(log_base=None, log_level=None, verb_name='build', build_base='build', install_base='install', merge_install=False, symlink_install=False, test_result_base=None, continue_on_error=False, executor='parallel', parallel_workers=20, event_handlers=None, ignore_user_meta=False, metas=['./colcon.meta'], base_paths=['.'], packages_ignore=None, packages_ignore_regex=None, paths=None, packages_up_to=None, packages_up_to_regex=None, packages_above=None, packages_above_and_dependencies=None, packages_above_depth=None, packages_select_by_dep=None, packages_skip_by_dep=None, packages_skip_up_to=None, packages_select_build_failed=False, packages_skip_build_finished=False, packages_select_test_failures=False, packages_skip_test_passed=False, packages_select=None, packages_skip=None, packages_select_regex=None, packages_skip_regex=None, packages_start=None, packages_end=None, allow_overriding=[], cmake_args=None, cmake_target=None, cmake_target_skip_unavailable=False, cmake_clean_cache=False, cmake_clean_first=False, cmake_force_configure=False, ament_cmake_args=None, catkin_cmake_args=None, catkin_skip_building_tests=False, verb_parser=<colcon_defaults.argument_parser.defaults.DefaultArgumentsDecorator object at 0x7ec5eca27070>, verb_extension=<colcon_core.verb.build.BuildVerb object at 0x7ec5eca26b60>, main=<bound method BuildVerb.main of <colcon_core.verb.build.BuildVerb object at 0x7ec5eca26b60>>)
[0.961s] Level 1:colcon.colcon_core.package_discovery:discover_packages(colcon_meta) check parameters
[0.962s] Level 1:colcon.colcon_core.package_discovery:discover_packages(recursive) check parameters
[0.962s] Level 1:colcon.colcon_core.package_discovery:discover_packages(ignore) check parameters
[0.962s] Level 1:colcon.colcon_core.package_discovery:discover_packages(path) check parameters
[0.962s] Level 1:colcon.colcon_core.package_discovery:discover_packages(colcon_meta) discover
[0.962s] Level 1:colcon.colcon_core.package_discovery:discover_packages(recursive) discover
[0.962s] INFO:colcon.colcon_core.package_discovery:Crawling recursively for packages in '/home/james/ros2_projects/ros2-differential-drive-ekf/ros2_ws'
[0.962s] Level 1:colcon.colcon_core.package_identification:_identify(.) by extensions ['ignore', 'ignore_ament_install']
[0.962s] Level 1:colcon.colcon_core.package_identification:_identify(.) by extension 'ignore'
[0.963s] Level 1:colcon.colcon_core.package_identification:_identify(.) by extension 'ignore_ament_install'
[0.963s] Level 1:colcon.colcon_core.package_identification:_identify(.) by extensions ['colcon_pkg']
[0.963s] Level 1:colcon.colcon_core.package_identification:_identify(.) by extension 'colcon_pkg'
[0.963s] Level 1:colcon.colcon_core.package_identification:_identify(.) by extensions ['colcon_meta']
[0.963s] Level 1:colcon.colcon_core.package_identification:_identify(.) by extension 'colcon_meta'
[0.963s] Level 1:colcon.colcon_core.package_identification:_identify(.) by extensions ['ros']
[0.963s] Level 1:colcon.colcon_core.package_identification:_identify(.) by extension 'ros'
[0.977s] Level 1:colcon.colcon_core.package_identification:_identify(.) by extensions ['cmake', 'python']
[0.977s] Level 1:colcon.colcon_core.package_identification:_identify(.) by extension 'cmake'
[0.977s] Level 1:colcon.colcon_core.package_identification:_identify(.) by extension 'python'
[0.977s] Level 1:colcon.colcon_core.package_identification:_identify(.) by extensions ['python_setup_py']
[0.977s] Level 1:colcon.colcon_core.package_identification:_identify(.) by extension 'python_setup_py'
[0.978s] Level 1:colcon.colcon_core.package_identification:_identify(build) by extensions ['ignore', 'ignore_ament_install']
[0.978s] Level 1:colcon.colcon_core.package_identification:_identify(build) by extension 'ignore'
[0.978s] Level 1:colcon.colcon_core.package_identification:_identify(build) ignored
[0.978s] Level 1:colcon.colcon_core.package_identification:_identify(install) by extensions ['ignore', 'ignore_ament_install']
[0.978s] Level 1:colcon.colcon_core.package_identification:_identify(install) by extension 'ignore'
[0.979s] Level 1:colcon.colcon_core.package_identification:_identify(install) ignored
[0.979s] Level 1:colcon.colcon_core.package_identification:_identify(log) by extensions ['ignore', 'ignore_ament_install']
[0.979s] Level 1:colcon.colcon_core.package_identification:_identify(log) by extension 'ignore'
[0.979s] Level 1:colcon.colcon_core.package_identification:_identify(log) ignored
[0.980s] Level 1:colcon.colcon_core.package_identification:_identify(src) by extensions ['ignore', 'ignore_ament_install']
[0.980s] Level 1:colcon.colcon_core.package_identification:_identify(src) by extension 'ignore'
[0.980s] Level 1:colcon.colcon_core.package_identification:_identify(src) by extension 'ignore_ament_install'
[0.980s] Level 1:colcon.colcon_core.package_identification:_identify(src) by extensions ['colcon_pkg']
[0.980s] Level 1:colcon.colcon_core.package_identification:_identify(src) by extension 'colcon_pkg'
[0.980s] Level 1:colcon.colcon_core.package_identification:_identify(src) by extensions ['colcon_meta']
[0.981s] Level 1:colcon.colcon_core.package_identification:_identify(src) by extension 'colcon_meta'
[0.981s] Level 1:colcon.colcon_core.package_identification:_identify(src) by extensions ['ros']
[0.981s] Level 1:colcon.colcon_core.package_identification:_identify(src) by extension 'ros'
[0.981s] Level 1:colcon.colcon_core.package_identification:_identify(src) by extensions ['cmake', 'python']
[0.982s] Level 1:colcon.colcon_core.package_identification:_identify(src) by extension 'cmake'
[0.982s] Level 1:colcon.colcon_core.package_identification:_identify(src) by extension 'python'
[0.982s] Level 1:colcon.colcon_core.package_identification:_identify(src) by extensions ['python_setup_py']
[0.982s] Level 1:colcon.colcon_core.package_identification:_identify(src) by extension 'python_setup_py'
[0.983s] Level 1:colcon.colcon_core.package_identification:_identify(src/bringup_pkg) by extensions ['ignore', 'ignore_ament_install']
[0.983s] Level 1:colcon.colcon_core.package_identification:_identify(src/bringup_pkg) by extension 'ignore'
[0.983s] Level 1:colcon.colcon_core.package_identification:_identify(src/bringup_pkg) by extension 'ignore_ament_install'
[0.983s] Level 1:colcon.colcon_core.package_identification:_identify(src/bringup_pkg) by extensions ['colcon_pkg']
[0.983s] Level 1:colcon.colcon_core.package_identification:_identify(src/bringup_pkg) by extension 'colcon_pkg'
[0.983s] Level 1:colcon.colcon_core.package_identification:_identify(src/bringup_pkg) by extensions ['colcon_meta']
[0.983s] Level 1:colcon.colcon_core.package_identification:_identify(src/bringup_pkg) by extension 'colcon_meta'
[0.983s] Level 1:colcon.colcon_core.package_identification:_identify(src/bringup_pkg) by extensions ['ros']
[0.983s] Level 1:colcon.colcon_core.package_identification:_identify(src/bringup_pkg) by extension 'ros'
[0.994s] DEBUG:colcon.colcon_core.package_identification:Package 'src/bringup_pkg' with type 'ros.ament_python' and name 'bringup_pkg'
[0.994s] Level 1:colcon.colcon_core.package_identification:_identify(src/robot_sim_pkg) by extensions ['ignore', 'ignore_ament_install']
[0.994s] Level 1:colcon.colcon_core.package_identification:_identify(src/robot_sim_pkg) by extension 'ignore'
[0.994s] Level 1:colcon.colcon_core.package_identification:_identify(src/robot_sim_pkg) by extension 'ignore_ament_install'
[0.994s] Level 1:colcon.colcon_core.package_identification:_identify(src/robot_sim_pkg) by extensions ['colcon_pkg']
[0.994s] Level 1:colcon.colcon_core.package_identification:_identify(src/robot_sim_pkg) by extension 'colcon_pkg'
[0.995s] Level 1:colcon.colcon_core.package_identification:_identify(src/robot_sim_pkg) by extensions ['colcon_meta']
[0.995s] Level 1:colcon.colcon_core.package_identification:_identify(src/robot_sim_pkg) by extension 'colcon_meta'
[0.995s] Level 1:colcon.colcon_core.package_identification:_identify(src/robot_sim_pkg) by extensions ['ros']
[0.995s] Level 1:colcon.colcon_core.package_identification:_identify(src/robot_sim_pkg) by extension 'ros'
[0.996s] DEBUG:colcon.colcon_core.package_identification:Package 'src/robot_sim_pkg' with type 'ros.ament_python' and name 'robot_sim_pkg'
[0.996s] Level 1:colcon.colcon_core.package_identification:_identify(src/state_estimator_pkg) by extensions ['ignore', 'ignore_ament_install']
[0.996s] Level 1:colcon.colcon_core.package_identification:_identify(src/state_estimator_pkg) by extension 'ignore'
[0.997s] Level 1:colcon.colcon_core.package_identification:_identify(src/state_estimator_pkg) by extension 'ignore_ament_install'
[0.997s] Level 1:colcon.colcon_core.package_identification:_identify(src/state_estimator_pkg) by extensions ['colcon_pkg']
[0.997s] Level 1:colcon.colcon_core.package_identification:_identify(src/state_estimator_pkg) by extension 'colcon_pkg'
[0.997s] Level 1:colcon.colcon_core.package_identification:_identify(src/state_estimator_pkg) by extensions ['colcon_meta']
[0.997s] Level 1:colcon.colcon_core.package_identification:_identify(src/state_estimator_pkg) by extension 'colcon_meta'
[0.997s] Level 1:colcon.colcon_core.package_identification:_identify(src/state_estimator_pkg) by extensions ['ros']
[0.997s] Level 1:colcon.colcon_core.package_identification:_identify(src/state_estimator_pkg) by extension 'ros'
[0.998s] DEBUG:colcon.colcon_core.package_identification:Package 'src/state_estimator_pkg' with type 'ros.ament_python' and name 'state_estimator_pkg'
[0.998s] Level 1:colcon.colcon_core.package_discovery:discover_packages(recursive) using defaults
[0.999s] Level 1:colcon.colcon_core.package_discovery:discover_packages(ignore) discover
[0.999s] Level 1:colcon.colcon_core.package_discovery:discover_packages(ignore) using defaults
[0.999s] Level 1:colcon.colcon_core.package_discovery:discover_packages(path) discover
[0.999s] Level 1:colcon.colcon_core.package_discovery:discover_packages(path) using defaults
[1.056s] Level 1:colcon.colcon_core.package_discovery:discover_packages(prefix_path) check parameters
[1.056s] Level 1:colcon.colcon_core.package_discovery:discover_packages(prefix_path) discover
[1.064s] DEBUG:colcon.colcon_installed_package_information.package_discovery:Found 0 installed packages in /home/james/ros2_ws/install
[1.067s] DEBUG:colcon.colcon_installed_package_information.package_discovery:Found 279 installed packages in /opt/ros/humble
[1.072s] Level 1:colcon.colcon_core.package_discovery:discover_packages(prefix_path) using defaults
[1.237s] Level 5:colcon.colcon_core.verb:set package 'bringup_pkg' build argument 'cmake_args' from command line to 'None'
[1.237s] Level 5:colcon.colcon_core.verb:set package 'bringup_pkg' build argument 'cmake_target' from command line to 'None'
[1.237s] Level 5:colcon.colcon_core.verb:set package 'bringup_pkg' build argument 'cmake_target_skip_unavailable' from command line to 'False'
[1.237s] Level 5:colcon.colcon_core.verb:set package 'bringup_pkg' build argument 'cmake_clean_cache' from command line to 'False'
[1.237s] Level 5:colcon.colcon_core.verb:set package 'bringup_pkg' build argument 'cmake_clean_first' from command line to 'False'
[1.237s] Level 5:colcon.colcon_core.verb:set package 'bringup_pkg' build argument 'cmake_force_configure' from command line to 'False'
[1.237s] Level 5:colcon.colcon_core.verb:set package 'bringup_pkg' build argument 'ament_cmake_args' from command line to 'None'
[1.237s] Level 5:colcon.colcon_core.verb:set package 'bringup_pkg' build argument 'catkin_cmake_args' from command line to 'None'
[1.237s] Level 5:colcon.colcon_core.verb:set package 'bringup_pkg' build argument 'catkin_skip_building_tests' from command line to 'False'
[1.238s] DEBUG:colcon.colcon_core.verb:Building package 'bringup_pkg' with the following arguments: {'ament_cmake_args': None, 'build_base': '/home/james/ros2_projects/ros2-differential-drive-ekf/ros2_ws/build/bringup_pkg', 'catkin_cmake_args': None, 'catkin_skip_building_tests': False, 'cmake_args': None, 'cmake_clean_cache': False, 'cmake_clean_first': False, 'cmake_force_configure': False, 'cmake_target': None, 'cmake_target_skip_unavailable': False, 'install_base': '/home/james/ros2_projects/ros2-differential-drive-ekf/ros2_ws/install/bringup_pkg', 'merge_install': False, 'path': '/home/james/ros2_projects/ros2-differential-drive-ekf/ros2_ws/src/bringup_pkg', 'symlink_install': False, 'test_result_base': None}
[1.238s] Level 5:colcon.colcon_core.verb:set package 'robot_sim_pkg' build argument 'cmake_args' from command line to 'None'
[1.238s] Level 5:colcon.colcon_core.verb:set package 'robot_sim_pkg' build argument 'cmake_target' from command line to 'None'
[1.238s] Level 5:colcon.colcon_core.verb:set package 'robot_sim_pkg' build argument 'cmake_target_skip_unavailable' from command line to 'False'
[1.238s] Level 5:colcon.colcon_core.verb:set package 'robot_sim_pkg' build argument 'cmake_clean_cache' from command line to 'False'
[1.238s] Level 5:colcon.colcon_core.verb:set package 'robot_sim_pkg' build argument 'cmake_clean_first' from command line to 'False'
[1.238s] Level 5:colcon.colcon_core.verb:set package 'robot_sim_pkg' build argument 'cmake_force_configure' from command line to 'False'
[1.238s] Level 5:colcon.colcon_core.verb:set package 'robot_sim_pkg' build argument 'ament_cmake_args' from command line to 'None'
[1.238s] Level 5:colcon.colcon_core.verb:set package 'robot_sim_pkg' build argument 'catkin_cmake_args' from command line to 'None'
[1.238s] Level 5:colcon.colcon_core.verb:set package 'robot_sim_pkg' build argument 'catkin_skip_building_tests' from command line to 'False'
[1.238s] DEBUG:colcon.colcon_core.verb:Building package 'robot_sim_pkg' with the following arguments: {'ament_cmake_args': None, 'build_base': '/home/james/ros2_projects/ros2-differential-drive-ekf/ros2_ws/build/robot_sim_pkg', 'catkin_cmake_args': None, 'catkin_skip_building_tests': False, 'cmake_args': None, 'cmake_clean_cache': False, 'cmake_clean_first': False, 'cmake_force_configure': False, 'cmake_target': None, 'cmake_target_skip_unavailable': False, 'install_base': '/home/james/ros2_projects/ros2-differential-drive-ekf/ros2_ws/install/robot_sim_pkg', 'merge_install': False, 'path': '/home/james/ros2_projects/ros2-differential-drive-ekf/ros2_ws/src/robot_sim_pkg', 'symlink_install': False, 'test_result_base': None}
[1.238s] Level 5:colcon.colcon_core.verb:set package 'state_estimator_pkg' build argument 'cmake_args' from command line to 'None'
[1.239s] Level 5:colcon.colcon_core.verb:set package 'state_estimator_pkg' build argument 'cmake_target' from command line to 'None'
[1.239s] Level 5:colcon.colcon_core.verb:set package 'state_estimator_pkg' build argument 'cmake_target_skip_unavailable' from command line to 'False'
[1.239s] Level 5:colcon.colcon_core.verb:set package 'state_estimator_pkg' build argument 'cmake_clean_cache' from command line to 'False'
[1.239s] Level 5:colcon.colcon_core.verb:set package 'state_estimator_pkg' build argument 'cmake_clean_first' from command line to 'False'
[1.239s] Level 5:colcon.colcon_core.verb:set package 'state_estimator_pkg' build argument 'cmake_force_configure' from command line to 'False'
[1.239s] Level 5:colcon.colcon_core.verb:set package 'state_estimator_pkg' build argument 'ament_cmake_args' from command line to 'None'
[1.239s] Level 5:colcon.colcon_core.verb:set package 'state_estimator_pkg' build argument 'catkin_cmake_args' from command line to 'None'
[1.239s] Level 5:colcon.colcon_core.verb:set package 'state_estimator_pkg' build argument 'catkin_skip_building_tests' from command line to 'False'
[1.239s] DEBUG:colcon.colcon_core.verb:Building package 'state_estimator_pkg' with the following arguments: {'ament_cmake_args': None, 'build_base': '/home/james/ros2_projects/ros2-differential-drive-ekf/ros2_ws/build/state_estimator_pkg', 'catkin_cmake_args': None, 'catkin_skip_building_tests': False, 'cmake_args': None, 'cmake_clean_cache': False, 'cmake_clean_first': False, 'cmake_force_configure': False, 'cmake_target': None, 'cmake_target_skip_unavailable': False, 'install_base': '/home/james/ros2_projects/ros2-differential-drive-ekf/ros2_ws/install/state_estimator_pkg', 'merge_install': False, 'path': '/home/james/ros2_projects/ros2-differential-drive-ekf/ros2_ws/src/state_estimator_pkg', 'symlink_install': False, 'test_result_base': None}
[1.239s] INFO:colcon.colcon_core.executor:Executing jobs using 'parallel' executor
[1.241s] DEBUG:colcon.colcon_parallel_executor.executor.parallel:run_until_complete
[1.241s] INFO:colcon.colcon_ros.task.ament_python.build:Building ROS package in '/home/james/ros2_projects/ros2-differential-drive-ekf/ros2_ws/src/bringup_pkg' with build type 'ament_python'
[1.242s] Level 1:colcon.colcon_core.shell:create_environment_hook('bringup_pkg', 'ament_prefix_path')
[1.281s] INFO:colcon.colcon_core.plugin_system:Skipping extension 'colcon_core.shell.bat': Not used on non-Windows systems
[1.281s] INFO:colcon.colcon_core.shell:Creating environment hook '/home/james/ros2_projects/ros2-differential-drive-ekf/ros2_ws/install/bringup_pkg/share/bringup_pkg/hook/ament_prefix_path.ps1'
[1.285s] INFO:colcon.colcon_core.shell:Creating environment descriptor '/home/james/ros2_projects/ros2-differential-drive-ekf/ros2_ws/install/bringup_pkg/share/bringup_pkg/hook/ament_prefix_path.dsv'
[1.287s] INFO:colcon.colcon_core.shell:Creating environment hook '/home/james/ros2_projects/ros2-differential-drive-ekf/ros2_ws/install/bringup_pkg/share/bringup_pkg/hook/ament_prefix_path.sh'
[1.289s] INFO:colcon.colcon_core.shell:Skip shell extension 'powershell' for command environment: Not usable outside of PowerShell
[1.289s] DEBUG:colcon.colcon_core.shell:Skip shell extension 'dsv' for command environment
[1.296s] INFO:colcon.colcon_ros.task.ament_python.build:Building ROS package in '/home/james/ros2_projects/ros2-differential-drive-ekf/ros2_ws/src/robot_sim_pkg' with build type 'ament_python'
[1.297s] Level 1:colcon.colcon_core.shell:create_environment_hook('robot_sim_pkg', 'ament_prefix_path')
[1.298s] INFO:colcon.colcon_core.shell:Creating environment hook '/home/james/ros2_projects/ros2-differential-drive-ekf/ros2_ws/install/robot_sim_pkg/share/robot_sim_pkg/hook/ament_prefix_path.ps1'
[1.301s] INFO:colcon.colcon_core.shell:Creating environment descriptor '/home/james/ros2_projects/ros2-differential-drive-ekf/ros2_ws/install/robot_sim_pkg/share/robot_sim_pkg/hook/ament_prefix_path.dsv'
[1.302s] INFO:colcon.colcon_core.shell:Creating environment hook '/home/james/ros2_projects/ros2-differential-drive-ekf/ros2_ws/install/robot_sim_pkg/share/robot_sim_pkg/hook/ament_prefix_path.sh'
[1.303s] INFO:colcon.colcon_core.shell:Skip shell extension 'powershell' for command environment: Not usable outside of PowerShell
[1.303s] DEBUG:colcon.colcon_core.shell:Skip shell extension 'dsv' for command environment
[1.307s] INFO:colcon.colcon_ros.task.ament_python.build:Building ROS package in '/home/james/ros2_projects/ros2-differential-drive-ekf/ros2_ws/src/state_estimator_pkg' with build type 'ament_python'
[1.307s] Level 1:colcon.colcon_core.shell:create_environment_hook('state_estimator_pkg', 'ament_prefix_path')
[1.308s] INFO:colcon.colcon_core.shell:Creating environment hook '/home/james/ros2_projects/ros2-differential-drive-ekf/ros2_ws/install/state_estimator_pkg/share/state_estimator_pkg/hook/ament_prefix_path.ps1'
[1.312s] INFO:colcon.colcon_core.shell:Creating environment descriptor '/home/james/ros2_projects/ros2-differential-drive-ekf/ros2_ws/install/state_estimator_pkg/share/state_estimator_pkg/hook/ament_prefix_path.dsv'
[1.313s] INFO:colcon.colcon_core.shell:Creating environment hook '/home/james/ros2_projects/ros2-differential-drive-ekf/ros2_ws/install/state_estimator_pkg/share/state_estimator_pkg/hook/ament_prefix_path.sh'
[1.314s] INFO:colcon.colcon_core.shell:Skip shell extension 'powershell' for command environment: Not usable outside of PowerShell
[1.314s] DEBUG:colcon.colcon_core.shell:Skip shell extension 'dsv' for command environment
[1.588s] INFO:colcon.colcon_core.task.python.build:Building Python package in '/home/james/ros2_projects/ros2-differential-drive-ekf/ros2_ws/src/bringup_pkg'
[1.588s] INFO:colcon.colcon_core.shell:Skip shell extension 'powershell' for command environment: Not usable outside of PowerShell
[1.588s] DEBUG:colcon.colcon_core.shell:Skip shell extension 'dsv' for command environment
[1.900s] INFO:colcon.colcon_core.task.python.build:Building Python package in '/home/james/ros2_projects/ros2-differential-drive-ekf/ros2_ws/src/robot_sim_pkg'
[1.901s] INFO:colcon.colcon_core.shell:Skip shell extension 'powershell' for command environment: Not usable outside of PowerShell
[1.901s] DEBUG:colcon.colcon_core.shell:Skip shell extension 'dsv' for command environment
[2.158s] INFO:colcon.colcon_core.task.python.build:Building Python package in '/home/james/ros2_projects/ros2-differential-drive-ekf/ros2_ws/src/state_estimator_pkg'
[2.158s] INFO:colcon.colcon_core.shell:Skip shell extension 'powershell' for command environment: Not usable outside of PowerShell
[2.158s] DEBUG:colcon.colcon_core.shell:Skip shell extension 'dsv' for command environment
[3.048s] DEBUG:colcon.colcon_core.event_handler.log_command:Invoking command in '/home/james/ros2_projects/ros2-differential-drive-ekf/ros2_ws/src/robot_sim_pkg': PYTHONPATH=/home/james/ros2_projects/ros2-differential-drive-ekf/ros2_ws/build/robot_sim_pkg/prefix_override:/usr/lib/python3/dist-packages/colcon_core/task/python/colcon_distutils_commands:/home/james/ros2_projects/ros2-differential-drive-ekf/ros2_ws/install/robot_sim_pkg/lib/python3.10/site-packages:${PYTHONPATH} /usr/bin/python3 -W ignore:setup.py install is deprecated -W ignore:easy_install command is deprecated setup.py egg_info --egg-base ../../build/robot_sim_pkg build --build-base /home/james/ros2_projects/ros2-differential-drive-ekf/ros2_ws/build/robot_sim_pkg/build install --record /home/james/ros2_projects/ros2-differential-drive-ekf/ros2_ws/build/robot_sim_pkg/install.log --single-version-externally-managed install_data
[3.059s] DEBUG:colcon.colcon_core.event_handler.log_command:Invoking command in '/home/james/ros2_projects/ros2-differential-drive-ekf/ros2_ws/src/state_estimator_pkg': PYTHONPATH=/home/james/ros2_projects/ros2-differential-drive-ekf/ros2_ws/build/state_estimator_pkg/prefix_override:/usr/lib/python3/dist-packages/colcon_core/task/python/colcon_distutils_commands:/home/james/ros2_projects/ros2-differential-drive-ekf/ros2_ws/install/state_estimator_pkg/lib/python3.10/site-packages:${PYTHONPATH} /usr/bin/python3 -W ignore:setup.py install is deprecated -W ignore:easy_install command is deprecated setup.py egg_info --egg-base ../../build/state_estimator_pkg build --build-base /home/james/ros2_projects/ros2-differential-drive-ekf/ros2_ws/build/state_estimator_pkg/build install --record /home/james/ros2_projects/ros2-differential-drive-ekf/ros2_ws/build/state_estimator_pkg/install.log --single-version-externally-managed install_data
[3.064s] DEBUG:colcon.colcon_core.event_handler.log_command:Invoking command in '/home/james/ros2_projects/ros2-differential-drive-ekf/ros2_ws/src/bringup_pkg': PYTHONPATH=/home/james/ros2_projects/ros2-differential-drive-ekf/ros2_ws/build/bringup_pkg/prefix_override:/usr/lib/python3/dist-packages/colcon_core/task/python/colcon_distutils_commands:/home/james/ros2_projects/ros2-differential-drive-ekf/ros2_ws/install/bringup_pkg/lib/python3.10/site-packages:${PYTHONPATH} /usr/bin/python3 -W ignore:setup.py install is deprecated -W ignore:easy_install command is deprecated setup.py egg_info --egg-base ../../build/bringup_pkg build --build-base /home/james/ros2_projects/ros2-differential-drive-ekf/ros2_ws/build/bringup_pkg/build install --record /home/james/ros2_projects/ros2-differential-drive-ekf/ros2_ws/build/bringup_pkg/install.log --single-version-externally-managed install_data
[3.490s] DEBUG:colcon.colcon_core.event_handler.log_command:Invoked command in '/home/james/ros2_projects/ros2-differential-drive-ekf/ros2_ws/src/state_estimator_pkg' returned '0': PYTHONPATH=/home/james/ros2_projects/ros2-differential-drive-ekf/ros2_ws/build/state_estimator_pkg/prefix_override:/usr/lib/python3/dist-packages/colcon_core/task/python/colcon_distutils_commands:/home/james/ros2_projects/ros2-differential-drive-ekf/ros2_ws/install/state_estimator_pkg/lib/python3.10/site-packages:${PYTHONPATH} /usr/bin/python3 -W ignore:setup.py install is deprecated -W ignore:easy_install command is deprecated setup.py egg_info --egg-base ../../build/state_estimator_pkg build --build-base /home/james/ros2_projects/ros2-differential-drive-ekf/ros2_ws/build/state_estimator_pkg/build install --record /home/james/ros2_projects/ros2-differential-drive-ekf/ros2_ws/build/state_estimator_pkg/install.log --single-version-externally-managed install_data
[3.547s] Level 1:colcon.colcon_core.environment:checking '/home/james/ros2_projects/ros2-differential-drive-ekf/ros2_ws/install/state_estimator_pkg' for CMake module files
[3.548s] Level 1:colcon.colcon_core.environment:checking '/home/james/ros2_projects/ros2-differential-drive-ekf/ros2_ws/install/state_estimator_pkg' for CMake config files
[3.551s] Level 1:colcon.colcon_core.environment:checking '/home/james/ros2_projects/ros2-differential-drive-ekf/ros2_ws/install/state_estimator_pkg/lib'
[3.551s] Level 1:colcon.colcon_core.environment:checking '/home/james/ros2_projects/ros2-differential-drive-ekf/ros2_ws/install/state_estimator_pkg/bin'
[3.552s] Level 1:colcon.colcon_core.environment:checking '/home/james/ros2_projects/ros2-differential-drive-ekf/ros2_ws/install/state_estimator_pkg/lib/pkgconfig/state_estimator_pkg.pc'
[3.552s] Level 1:colcon.colcon_core.environment:checking '/home/james/ros2_projects/ros2-differential-drive-ekf/ros2_ws/install/state_estimator_pkg/lib/python3.10/site-packages'
[3.552s] Level 1:colcon.colcon_core.shell:create_environment_hook('state_estimator_pkg', 'pythonpath')
[3.553s] INFO:colcon.colcon_core.shell:Creating environment hook '/home/james/ros2_projects/ros2-differential-drive-ekf/ros2_ws/install/state_estimator_pkg/share/state_estimator_pkg/hook/pythonpath.ps1'
[3.555s] INFO:colcon.colcon_core.shell:Creating environment descriptor '/home/james/ros2_projects/ros2-differential-drive-ekf/ros2_ws/install/state_estimator_pkg/share/state_estimator_pkg/hook/pythonpath.dsv'
[3.556s] INFO:colcon.colcon_core.shell:Creating environment hook '/home/james/ros2_projects/ros2-differential-drive-ekf/ros2_ws/install/state_estimator_pkg/share/state_estimator_pkg/hook/pythonpath.sh'
[3.558s] Level 1:colcon.colcon_core.environment:checking '/home/james/ros2_projects/ros2-differential-drive-ekf/ros2_ws/install/state_estimator_pkg/bin'
[3.558s] Level 1:colcon.colcon_core.environment:create_environment_scripts_only(state_estimator_pkg)
[3.558s] INFO:colcon.colcon_core.shell:Creating package script '/home/james/ros2_projects/ros2-differential-drive-ekf/ros2_ws/install/state_estimator_pkg/share/state_estimator_pkg/package.ps1'
[3.560s] INFO:colcon.colcon_core.shell:Creating package descriptor '/home/james/ros2_projects/ros2-differential-drive-ekf/ros2_ws/install/state_estimator_pkg/share/state_estimator_pkg/package.dsv'
[3.562s] INFO:colcon.colcon_core.shell:Creating package script '/home/james/ros2_projects/ros2-differential-drive-ekf/ros2_ws/install/state_estimator_pkg/share/state_estimator_pkg/package.sh'
[3.563s] INFO:colcon.colcon_core.shell:Creating package script '/home/james/ros2_projects/ros2-differential-drive-ekf/ros2_ws/install/state_estimator_pkg/share/state_estimator_pkg/package.bash'
[3.565s] INFO:colcon.colcon_core.shell:Creating package script '/home/james/ros2_projects/ros2-differential-drive-ekf/ros2_ws/install/state_estimator_pkg/share/state_estimator_pkg/package.zsh'
[3.569s] Level 1:colcon.colcon_core.environment:create_file_with_runtime_dependencies(/home/james/ros2_projects/ros2-differential-drive-ekf/ros2_ws/install/state_estimator_pkg/share/colcon-core/packages/state_estimator_pkg)
[3.575s] Level 1:colcon.colcon_core.environment:checking '/home/james/ros2_projects/ros2-differential-drive-ekf/ros2_ws/install/robot_sim_pkg' for CMake module files
[3.577s] Level 1:colcon.colcon_core.environment:checking '/home/james/ros2_projects/ros2-differential-drive-ekf/ros2_ws/install/robot_sim_pkg' for CMake config files
[3.579s] DEBUG:colcon.colcon_core.event_handler.log_command:Invoked command in '/home/james/ros2_projects/ros2-differential-drive-ekf/ros2_ws/src/robot_sim_pkg' returned '0': PYTHONPATH=/home/james/ros2_projects/ros2-differential-drive-ekf/ros2_ws/build/robot_sim_pkg/prefix_override:/usr/lib/python3/dist-packages/colcon_core/task/python/colcon_distutils_commands:/home/james/ros2_projects/ros2-differential-drive-ekf/ros2_ws/install/robot_sim_pkg/lib/python3.10/site-packages:${PYTHONPATH} /usr/bin/python3 -W ignore:setup.py install is deprecated -W ignore:easy_install command is deprecated setup.py egg_info --egg-base ../../build/robot_sim_pkg build --build-base /home/james/ros2_projects/ros2-differential-drive-ekf/ros2_ws/build/robot_sim_pkg/build install --record /home/james/ros2_projects/ros2-differential-drive-ekf/ros2_ws/build/robot_sim_pkg/install.log --single-version-externally-managed install_data
[3.580s] Level 1:colcon.colcon_core.environment:checking '/home/james/ros2_projects/ros2-differential-drive-ekf/ros2_ws/install/robot_sim_pkg/lib'
[3.580s] Level 1:colcon.colcon_core.environment:checking '/home/james/ros2_projects/ros2-differential-drive-ekf/ros2_ws/install/robot_sim_pkg/bin'
[3.580s] Level 1:colcon.colcon_core.environment:checking '/home/james/ros2_projects/ros2-differential-drive-ekf/ros2_ws/install/robot_sim_pkg/lib/pkgconfig/robot_sim_pkg.pc'
[3.581s] Level 1:colcon.colcon_core.environment:checking '/home/james/ros2_projects/ros2-differential-drive-ekf/ros2_ws/install/robot_sim_pkg/lib/python3.10/site-packages'
[3.581s] Level 1:colcon.colcon_core.shell:create_environment_hook('robot_sim_pkg', 'pythonpath')
[3.581s] INFO:colcon.colcon_core.shell:Creating environment hook '/home/james/ros2_projects/ros2-differential-drive-ekf/ros2_ws/install/robot_sim_pkg/share/robot_sim_pkg/hook/pythonpath.ps1'
[3.582s] INFO:colcon.colcon_core.shell:Creating environment descriptor '/home/james/ros2_projects/ros2-differential-drive-ekf/ros2_ws/install/robot_sim_pkg/share/robot_sim_pkg/hook/pythonpath.dsv'
[3.583s] INFO:colcon.colcon_core.shell:Creating environment hook '/home/james/ros2_projects/ros2-differential-drive-ekf/ros2_ws/install/robot_sim_pkg/share/robot_sim_pkg/hook/pythonpath.sh'
[3.584s] Level 1:colcon.colcon_core.environment:checking '/home/james/ros2_projects/ros2-differential-drive-ekf/ros2_ws/install/robot_sim_pkg/bin'
[3.584s] Level 1:colcon.colcon_core.environment:create_environment_scripts_only(robot_sim_pkg)
[3.585s] INFO:colcon.colcon_core.shell:Creating package script '/home/james/ros2_projects/ros2-differential-drive-ekf/ros2_ws/install/robot_sim_pkg/share/robot_sim_pkg/package.ps1'
[3.587s] INFO:colcon.colcon_core.shell:Creating package descriptor '/home/james/ros2_projects/ros2-differential-drive-ekf/ros2_ws/install/robot_sim_pkg/share/robot_sim_pkg/package.dsv'
[3.590s] INFO:colcon.colcon_core.shell:Creating package script '/home/james/ros2_projects/ros2-differential-drive-ekf/ros2_ws/install/robot_sim_pkg/share/robot_sim_pkg/package.sh'
[3.592s] INFO:colcon.colcon_core.shell:Creating package script '/home/james/ros2_projects/ros2-differential-drive-ekf/ros2_ws/install/robot_sim_pkg/share/robot_sim_pkg/package.bash'
[3.592s] INFO:colcon.colcon_core.shell:Creating package script '/home/james/ros2_projects/ros2-differential-drive-ekf/ros2_ws/install/robot_sim_pkg/share/robot_sim_pkg/package.zsh'
[3.593s] Level 1:colcon.colcon_core.environment:create_file_with_runtime_dependencies(/home/james/ros2_projects/ros2-differential-drive-ekf/ros2_ws/install/robot_sim_pkg/share/colcon-core/packages/robot_sim_pkg)
[3.596s] Level 1:colcon.colcon_core.environment:checking '/home/james/ros2_projects/ros2-differential-drive-ekf/ros2_ws/install/bringup_pkg' for CMake module files
[3.598s] Level 1:colcon.colcon_core.environment:checking '/home/james/ros2_projects/ros2-differential-drive-ekf/ros2_ws/install/bringup_pkg' for CMake config files
[3.600s] DEBUG:colcon.colcon_core.event_handler.log_command:Invoked command in '/home/james/ros2_projects/ros2-differential-drive-ekf/ros2_ws/src/bringup_pkg' returned '0': PYTHONPATH=/home/james/ros2_projects/ros2-differential-drive-ekf/ros2_ws/build/bringup_pkg/prefix_override:/usr/lib/python3/dist-packages/colcon_core/task/python/colcon_distutils_commands:/home/james/ros2_projects/ros2-differential-drive-ekf/ros2_ws/install/bringup_pkg/lib/python3.10/site-packages:${PYTHONPATH} /usr/bin/python3 -W ignore:setup.py install is deprecated -W ignore:easy_install command is deprecated setup.py egg_info --egg-base ../../build/bringup_pkg build --build-base /home/james/ros2_projects/ros2-differential-drive-ekf/ros2_ws/build/bringup_pkg/build install --record /home/james/ros2_projects/ros2-differential-drive-ekf/ros2_ws/build/bringup_pkg/install.log --single-version-externally-managed install_data
[3.602s] Level 1:colcon.colcon_core.environment:checking '/home/james/ros2_projects/ros2-differential-drive-ekf/ros2_ws/install/bringup_pkg/lib'
[3.603s] Level 1:colcon.colcon_core.environment:checking '/home/james/ros2_projects/ros2-differential-drive-ekf/ros2_ws/install/bringup_pkg/bin'
[3.604s] Level 1:colcon.colcon_core.environment:checking '/home/james/ros2_projects/ros2-differential-drive-ekf/ros2_ws/install/bringup_pkg/lib/pkgconfig/bringup_pkg.pc'
[3.604s] Level 1:colcon.colcon_core.environment:checking '/home/james/ros2_projects/ros2-differential-drive-ekf/ros2_ws/install/bringup_pkg/lib/python3.10/site-packages'
[3.605s] Level 1:colcon.colcon_core.shell:create_environment_hook('bringup_pkg', 'pythonpath')
[3.605s] INFO:colcon.colcon_core.shell:Creating environment hook '/home/james/ros2_projects/ros2-differential-drive-ekf/ros2_ws/install/bringup_pkg/share/bringup_pkg/hook/pythonpath.ps1'
[3.607s] INFO:colcon.colcon_core.shell:Creating environment descriptor '/home/james/ros2_projects/ros2-differential-drive-ekf/ros2_ws/install/bringup_pkg/share/bringup_pkg/hook/pythonpath.dsv'
[3.608s] INFO:colcon.colcon_core.shell:Creating environment hook '/home/james/ros2_projects/ros2-differential-drive-ekf/ros2_ws/install/bringup_pkg/share/bringup_pkg/hook/pythonpath.sh'
[3.609s] Level 1:colcon.colcon_core.environment:checking '/home/james/ros2_projects/ros2-differential-drive-ekf/ros2_ws/install/bringup_pkg/bin'
[3.609s] Level 1:colcon.colcon_core.environment:create_environment_scripts_only(bringup_pkg)
[3.609s] INFO:colcon.colcon_core.shell:Creating package script '/home/james/ros2_projects/ros2-differential-drive-ekf/ros2_ws/install/bringup_pkg/share/bringup_pkg/package.ps1'
[3.610s] INFO:colcon.colcon_core.shell:Creating package descriptor '/home/james/ros2_projects/ros2-differential-drive-ekf/ros2_ws/install/bringup_pkg/share/bringup_pkg/package.dsv'
[3.611s] INFO:colcon.colcon_core.shell:Creating package script '/home/james/ros2_projects/ros2-differential-drive-ekf/ros2_ws/install/bringup_pkg/share/bringup_pkg/package.sh'
[3.612s] INFO:colcon.colcon_core.shell:Creating package script '/home/james/ros2_projects/ros2-differential-drive-ekf/ros2_ws/install/bringup_pkg/share/bringup_pkg/package.bash'
[3.612s] INFO:colcon.colcon_core.shell:Creating package script '/home/james/ros2_projects/ros2-differential-drive-ekf/ros2_ws/install/bringup_pkg/share/bringup_pkg/package.zsh'
[3.613s] Level 1:colcon.colcon_core.environment:create_file_with_runtime_dependencies(/home/james/ros2_projects/ros2-differential-drive-ekf/ros2_ws/install/bringup_pkg/share/colcon-core/packages/bringup_pkg)
[3.615s] DEBUG:colcon.colcon_parallel_executor.executor.parallel:closing loop
[3.616s] DEBUG:colcon.colcon_parallel_executor.executor.parallel:loop closed
[3.617s] DEBUG:colcon.colcon_parallel_executor.executor.parallel:run_until_complete finished with '0'
[3.618s] DEBUG:colcon.colcon_core.event_reactor:joining thread
[3.735s] INFO:colcon.colcon_core.plugin_system:Skipping extension 'colcon_notification.desktop_notification.notify_send': Could not find 'notify-send'
[3.735s] INFO:colcon.colcon_core.plugin_system:Skipping extension 'colcon_notification.desktop_notification.terminal_notifier': Not used on non-Darwin systems
[3.736s] INFO:colcon.colcon_core.plugin_system:Skipping extension 'colcon_notification.desktop_notification.win32': Not used on non-Windows systems
[3.736s] INFO:colcon.colcon_notification.desktop_notification:Sending desktop notification using 'notify2'
[3.737s] DEBUG:colcon.colcon_notification.desktop_notification.notify2:Failed to initialize notify2: org.freedesktop.DBus.Error.FileNotFound: Failed to connect to socket /run/user/1000/bus: No such file or directory
[3.737s] DEBUG:colcon.colcon_core.event_reactor:joined thread
[3.737s] INFO:colcon.colcon_core.shell:Creating prefix script '/home/james/ros2_projects/ros2-differential-drive-ekf/ros2_ws/install/local_setup.ps1'
[3.782s] INFO:colcon.colcon_core.shell:Creating prefix util module '/home/james/ros2_projects/ros2-differential-drive-ekf/ros2_ws/install/_local_setup_util_ps1.py'
[3.784s] INFO:colcon.colcon_core.shell:Creating prefix chain script '/home/james/ros2_projects/ros2-differential-drive-ekf/ros2_ws/install/setup.ps1'
[3.786s] INFO:colcon.colcon_core.shell:Creating prefix script '/home/james/ros2_projects/ros2-differential-drive-ekf/ros2_ws/install/local_setup.sh'
[3.787s] INFO:colcon.colcon_core.shell:Creating prefix util module '/home/james/ros2_projects/ros2-differential-drive-ekf/ros2_ws/install/_local_setup_util_sh.py'
[3.788s] INFO:colcon.colcon_core.shell:Creating prefix chain script '/home/james/ros2_projects/ros2-differential-drive-ekf/ros2_ws/install/setup.sh'
[3.790s] INFO:colcon.colcon_core.shell:Creating prefix script '/home/james/ros2_projects/ros2-differential-drive-ekf/ros2_ws/install/local_setup.bash'
[3.791s] INFO:colcon.colcon_core.shell:Creating prefix chain script '/home/james/ros2_projects/ros2-differential-drive-ekf/ros2_ws/install/setup.bash'
[3.792s] INFO:colcon.colcon_core.shell:Creating prefix script '/home/james/ros2_projects/ros2-differential-drive-ekf/ros2_ws/install/local_setup.zsh'
[3.794s] INFO:colcon.colcon_core.shell:Creating prefix chain script '/home/james/ros2_projects/ros2-differential-drive-ekf/ros2_ws/install/setup.zsh'
